ARM GAS  /var/folders/gy/djtlh36967g6qz60tx0ltrsw0000gn/T//ccU23PXC.s 			page 1


   1              		.cpu cortex-m7
   2              		.eabi_attribute 28, 1
   3              		.eabi_attribute 20, 1
   4              		.eabi_attribute 21, 1
   5              		.eabi_attribute 23, 3
   6              		.eabi_attribute 24, 1
   7              		.eabi_attribute 25, 1
   8              		.eabi_attribute 26, 1
   9              		.eabi_attribute 30, 1
  10              		.eabi_attribute 34, 1
  11              		.eabi_attribute 18, 4
  12              		.file	"gpio.c"
  13              		.text
  14              	.Ltext0:
  15              		.cfi_sections	.debug_frame
  16              		.section	.text.MX_GPIO_Init,"ax",%progbits
  17              		.align	1
  18              		.global	MX_GPIO_Init
  19              		.arch armv7e-m
  20              		.syntax unified
  21              		.thumb
  22              		.thumb_func
  23              		.fpu fpv5-d16
  25              	MX_GPIO_Init:
  26              	.LFB141:
  27              		.file 1 "Core/Src/gpio.c"
   1:Core/Src/gpio.c **** /**
   2:Core/Src/gpio.c ****   ******************************************************************************
   3:Core/Src/gpio.c ****   * File Name          : gpio.c
   4:Core/Src/gpio.c ****   * Description        : This file provides code for the configuration
   5:Core/Src/gpio.c ****   *                      of all used GPIO pins.
   6:Core/Src/gpio.c ****   ******************************************************************************
   7:Core/Src/gpio.c ****   * @attention
   8:Core/Src/gpio.c ****   *
   9:Core/Src/gpio.c ****   * <h2><center>&copy; Copyright (c) 2019 STMicroelectronics.
  10:Core/Src/gpio.c ****   * All rights reserved.</center></h2>
  11:Core/Src/gpio.c ****   *
  12:Core/Src/gpio.c ****   * This software component is licensed by ST under BSD 3-Clause license,
  13:Core/Src/gpio.c ****   * the "License"; You may not use this file except in compliance with the
  14:Core/Src/gpio.c ****   * License. You may obtain a copy of the License at:
  15:Core/Src/gpio.c ****   *                        opensource.org/licenses/BSD-3-Clause
  16:Core/Src/gpio.c ****   *
  17:Core/Src/gpio.c ****   ******************************************************************************
  18:Core/Src/gpio.c ****   */
  19:Core/Src/gpio.c **** 
  20:Core/Src/gpio.c **** /* Includes ------------------------------------------------------------------*/
  21:Core/Src/gpio.c **** #include "gpio.h"
  22:Core/Src/gpio.c **** /* USER CODE BEGIN 0 */
  23:Core/Src/gpio.c **** 
  24:Core/Src/gpio.c **** /* USER CODE END 0 */
  25:Core/Src/gpio.c **** 
  26:Core/Src/gpio.c **** /*----------------------------------------------------------------------------*/
  27:Core/Src/gpio.c **** /* Configure GPIO                                                             */
  28:Core/Src/gpio.c **** /*----------------------------------------------------------------------------*/
  29:Core/Src/gpio.c **** /* USER CODE BEGIN 1 */
  30:Core/Src/gpio.c **** 
  31:Core/Src/gpio.c **** /* USER CODE END 1 */
ARM GAS  /var/folders/gy/djtlh36967g6qz60tx0ltrsw0000gn/T//ccU23PXC.s 			page 2


  32:Core/Src/gpio.c **** 
  33:Core/Src/gpio.c **** /** Configure pins as 
  34:Core/Src/gpio.c ****         * Analog 
  35:Core/Src/gpio.c ****         * Input 
  36:Core/Src/gpio.c ****         * Output
  37:Core/Src/gpio.c ****         * EVENT_OUT
  38:Core/Src/gpio.c ****         * EXTI
  39:Core/Src/gpio.c ****      PC1   ------> ETH_MDC
  40:Core/Src/gpio.c ****      PA1   ------> ETH_REF_CLK
  41:Core/Src/gpio.c ****      PA2   ------> ETH_MDIO
  42:Core/Src/gpio.c ****      PC4   ------> ETH_RXD0
  43:Core/Src/gpio.c ****      PC5   ------> ETH_RXD1
  44:Core/Src/gpio.c ****      PB13   ------> ETH_TXD1
  45:Core/Src/gpio.c ****      PD8   ------> USART3_TX
  46:Core/Src/gpio.c ****      PD9   ------> USART3_RX
  47:Core/Src/gpio.c ****      PA8   ------> USB_OTG_FS_SOF
  48:Core/Src/gpio.c ****      PA9   ------> USB_OTG_FS_VBUS
  49:Core/Src/gpio.c ****      PA10   ------> USB_OTG_FS_ID
  50:Core/Src/gpio.c ****      PA11   ------> USB_OTG_FS_DM
  51:Core/Src/gpio.c ****      PA12   ------> USB_OTG_FS_DP
  52:Core/Src/gpio.c ****      PG11   ------> ETH_TX_EN
  53:Core/Src/gpio.c ****      PG13   ------> ETH_TXD0
  54:Core/Src/gpio.c **** */
  55:Core/Src/gpio.c **** void MX_GPIO_Init(void)
  56:Core/Src/gpio.c **** {
  28              		.loc 1 56 1 view -0
  29              		.cfi_startproc
  30              		@ args = 0, pretend = 0, frame = 48
  31              		@ frame_needed = 0, uses_anonymous_args = 0
  32 0000 2DE9F04F 		push	{r4, r5, r6, r7, r8, r9, r10, fp, lr}
  33              	.LCFI0:
  34              		.cfi_def_cfa_offset 36
  35              		.cfi_offset 4, -36
  36              		.cfi_offset 5, -32
  37              		.cfi_offset 6, -28
  38              		.cfi_offset 7, -24
  39              		.cfi_offset 8, -20
  40              		.cfi_offset 9, -16
  41              		.cfi_offset 10, -12
  42              		.cfi_offset 11, -8
  43              		.cfi_offset 14, -4
  44 0004 8DB0     		sub	sp, sp, #52
  45              	.LCFI1:
  46              		.cfi_def_cfa_offset 88
  57:Core/Src/gpio.c **** 
  58:Core/Src/gpio.c ****   GPIO_InitTypeDef GPIO_InitStruct = {0};
  47              		.loc 1 58 3 view .LVU1
  48              		.loc 1 58 20 is_stmt 0 view .LVU2
  49 0006 0024     		movs	r4, #0
  50 0008 0794     		str	r4, [sp, #28]
  51 000a 0894     		str	r4, [sp, #32]
  52 000c 0994     		str	r4, [sp, #36]
  53 000e 0A94     		str	r4, [sp, #40]
  54 0010 0B94     		str	r4, [sp, #44]
  59:Core/Src/gpio.c **** 
  60:Core/Src/gpio.c ****   /* GPIO Ports Clock Enable */
  61:Core/Src/gpio.c ****   __HAL_RCC_GPIOC_CLK_ENABLE();
ARM GAS  /var/folders/gy/djtlh36967g6qz60tx0ltrsw0000gn/T//ccU23PXC.s 			page 3


  55              		.loc 1 61 3 is_stmt 1 view .LVU3
  56              	.LBB2:
  57              		.loc 1 61 3 view .LVU4
  58              		.loc 1 61 3 view .LVU5
  59 0012 6F4B     		ldr	r3, .L3
  60 0014 1A6B     		ldr	r2, [r3, #48]
  61 0016 42F00402 		orr	r2, r2, #4
  62 001a 1A63     		str	r2, [r3, #48]
  63              		.loc 1 61 3 view .LVU6
  64 001c 1A6B     		ldr	r2, [r3, #48]
  65 001e 02F00402 		and	r2, r2, #4
  66 0022 0192     		str	r2, [sp, #4]
  67              		.loc 1 61 3 view .LVU7
  68 0024 019A     		ldr	r2, [sp, #4]
  69              	.LBE2:
  62:Core/Src/gpio.c ****   __HAL_RCC_GPIOH_CLK_ENABLE();
  70              		.loc 1 62 3 view .LVU8
  71              	.LBB3:
  72              		.loc 1 62 3 view .LVU9
  73              		.loc 1 62 3 view .LVU10
  74 0026 1A6B     		ldr	r2, [r3, #48]
  75 0028 42F08002 		orr	r2, r2, #128
  76 002c 1A63     		str	r2, [r3, #48]
  77              		.loc 1 62 3 view .LVU11
  78 002e 1A6B     		ldr	r2, [r3, #48]
  79 0030 02F08002 		and	r2, r2, #128
  80 0034 0292     		str	r2, [sp, #8]
  81              		.loc 1 62 3 view .LVU12
  82 0036 029A     		ldr	r2, [sp, #8]
  83              	.LBE3:
  63:Core/Src/gpio.c ****   __HAL_RCC_GPIOA_CLK_ENABLE();
  84              		.loc 1 63 3 view .LVU13
  85              	.LBB4:
  86              		.loc 1 63 3 view .LVU14
  87              		.loc 1 63 3 view .LVU15
  88 0038 1A6B     		ldr	r2, [r3, #48]
  89 003a 42F00102 		orr	r2, r2, #1
  90 003e 1A63     		str	r2, [r3, #48]
  91              		.loc 1 63 3 view .LVU16
  92 0040 1A6B     		ldr	r2, [r3, #48]
  93 0042 02F00102 		and	r2, r2, #1
  94 0046 0392     		str	r2, [sp, #12]
  95              		.loc 1 63 3 view .LVU17
  96 0048 039A     		ldr	r2, [sp, #12]
  97              	.LBE4:
  64:Core/Src/gpio.c ****   __HAL_RCC_GPIOG_CLK_ENABLE();
  98              		.loc 1 64 3 view .LVU18
  99              	.LBB5:
 100              		.loc 1 64 3 view .LVU19
 101              		.loc 1 64 3 view .LVU20
 102 004a 1A6B     		ldr	r2, [r3, #48]
 103 004c 42F04002 		orr	r2, r2, #64
 104 0050 1A63     		str	r2, [r3, #48]
 105              		.loc 1 64 3 view .LVU21
 106 0052 1A6B     		ldr	r2, [r3, #48]
 107 0054 02F04002 		and	r2, r2, #64
 108 0058 0492     		str	r2, [sp, #16]
ARM GAS  /var/folders/gy/djtlh36967g6qz60tx0ltrsw0000gn/T//ccU23PXC.s 			page 4


 109              		.loc 1 64 3 view .LVU22
 110 005a 049A     		ldr	r2, [sp, #16]
 111              	.LBE5:
  65:Core/Src/gpio.c ****   __HAL_RCC_GPIOB_CLK_ENABLE();
 112              		.loc 1 65 3 view .LVU23
 113              	.LBB6:
 114              		.loc 1 65 3 view .LVU24
 115              		.loc 1 65 3 view .LVU25
 116 005c 1A6B     		ldr	r2, [r3, #48]
 117 005e 42F00202 		orr	r2, r2, #2
 118 0062 1A63     		str	r2, [r3, #48]
 119              		.loc 1 65 3 view .LVU26
 120 0064 1A6B     		ldr	r2, [r3, #48]
 121 0066 02F00202 		and	r2, r2, #2
 122 006a 0592     		str	r2, [sp, #20]
 123              		.loc 1 65 3 view .LVU27
 124 006c 059A     		ldr	r2, [sp, #20]
 125              	.LBE6:
  66:Core/Src/gpio.c ****   __HAL_RCC_GPIOD_CLK_ENABLE();
 126              		.loc 1 66 3 view .LVU28
 127              	.LBB7:
 128              		.loc 1 66 3 view .LVU29
 129              		.loc 1 66 3 view .LVU30
 130 006e 1A6B     		ldr	r2, [r3, #48]
 131 0070 42F00802 		orr	r2, r2, #8
 132 0074 1A63     		str	r2, [r3, #48]
 133              		.loc 1 66 3 view .LVU31
 134 0076 1B6B     		ldr	r3, [r3, #48]
 135 0078 03F00803 		and	r3, r3, #8
 136 007c 0693     		str	r3, [sp, #24]
 137              		.loc 1 66 3 view .LVU32
 138 007e 069B     		ldr	r3, [sp, #24]
 139              	.LBE7:
  67:Core/Src/gpio.c **** 
  68:Core/Src/gpio.c ****   /*Configure GPIO pin Output Level */
  69:Core/Src/gpio.c ****   HAL_GPIO_WritePin(GPIOA, SPI_TFT_ILI9341_CS_Pin|TOUCH_ADS7843_CS_Pin, GPIO_PIN_RESET);
 140              		.loc 1 69 3 view .LVU33
 141 0080 544F     		ldr	r7, .L3+4
 142 0082 2246     		mov	r2, r4
 143 0084 48F21001 		movw	r1, #32784
 144 0088 3846     		mov	r0, r7
 145 008a FFF7FEFF 		bl	HAL_GPIO_WritePin
 146              	.LVL0:
  70:Core/Src/gpio.c **** 
  71:Core/Src/gpio.c ****   /*Configure GPIO pin Output Level */
  72:Core/Src/gpio.c ****   HAL_GPIO_WritePin(GPIOG, SPI_TFT_ILI9341_DC_Pin|USB_PowerSwitchOn_Pin, GPIO_PIN_RESET);
 147              		.loc 1 72 3 view .LVU34
 148 008e DFF85881 		ldr	r8, .L3+24
 149 0092 2246     		mov	r2, r4
 150 0094 4121     		movs	r1, #65
 151 0096 4046     		mov	r0, r8
 152 0098 FFF7FEFF 		bl	HAL_GPIO_WritePin
 153              	.LVL1:
  73:Core/Src/gpio.c **** 
  74:Core/Src/gpio.c ****   /*Configure GPIO pin Output Level */
  75:Core/Src/gpio.c ****   HAL_GPIO_WritePin(GPIOB, SPI_TFT_ILI9341_RESET_Pin|LD3_Pin|LD2_Pin, GPIO_PIN_RESET);
 154              		.loc 1 75 3 view .LVU35
ARM GAS  /var/folders/gy/djtlh36967g6qz60tx0ltrsw0000gn/T//ccU23PXC.s 			page 5


 155 009c 2246     		mov	r2, r4
 156 009e 4FF49141 		mov	r1, #18560
 157 00a2 4D48     		ldr	r0, .L3+8
 158 00a4 FFF7FEFF 		bl	HAL_GPIO_WritePin
 159              	.LVL2:
  76:Core/Src/gpio.c **** 
  77:Core/Src/gpio.c ****   /*Configure GPIO pin : PtPin */
  78:Core/Src/gpio.c ****   GPIO_InitStruct.Pin = USER_Btn_Pin;
 160              		.loc 1 78 3 view .LVU36
 161              		.loc 1 78 23 is_stmt 0 view .LVU37
 162 00a8 4FF4005B 		mov	fp, #8192
 163 00ac CDF81CB0 		str	fp, [sp, #28]
  79:Core/Src/gpio.c ****   GPIO_InitStruct.Mode = GPIO_MODE_IT_RISING;
 164              		.loc 1 79 3 is_stmt 1 view .LVU38
 165              		.loc 1 79 24 is_stmt 0 view .LVU39
 166 00b0 4A4B     		ldr	r3, .L3+12
 167 00b2 0893     		str	r3, [sp, #32]
  80:Core/Src/gpio.c ****   GPIO_InitStruct.Pull = GPIO_NOPULL;
 168              		.loc 1 80 3 is_stmt 1 view .LVU40
 169              		.loc 1 80 24 is_stmt 0 view .LVU41
 170 00b4 0994     		str	r4, [sp, #36]
  81:Core/Src/gpio.c ****   HAL_GPIO_Init(USER_Btn_GPIO_Port, &GPIO_InitStruct);
 171              		.loc 1 81 3 is_stmt 1 view .LVU42
 172 00b6 07A9     		add	r1, sp, #28
 173 00b8 4948     		ldr	r0, .L3+16
 174 00ba FFF7FEFF 		bl	HAL_GPIO_Init
 175              	.LVL3:
  82:Core/Src/gpio.c **** 
  83:Core/Src/gpio.c ****   /*Configure GPIO pins : PCPin PCPin PCPin */
  84:Core/Src/gpio.c ****   GPIO_InitStruct.Pin = RMII_MDC_Pin|RMII_RXD0_Pin|RMII_RXD1_Pin;
 176              		.loc 1 84 3 view .LVU43
 177              		.loc 1 84 23 is_stmt 0 view .LVU44
 178 00be 3223     		movs	r3, #50
 179 00c0 0793     		str	r3, [sp, #28]
  85:Core/Src/gpio.c ****   GPIO_InitStruct.Mode = GPIO_MODE_AF_PP;
 180              		.loc 1 85 3 is_stmt 1 view .LVU45
 181              		.loc 1 85 24 is_stmt 0 view .LVU46
 182 00c2 0226     		movs	r6, #2
 183 00c4 0896     		str	r6, [sp, #32]
  86:Core/Src/gpio.c ****   GPIO_InitStruct.Pull = GPIO_NOPULL;
 184              		.loc 1 86 3 is_stmt 1 view .LVU47
 185              		.loc 1 86 24 is_stmt 0 view .LVU48
 186 00c6 0994     		str	r4, [sp, #36]
  87:Core/Src/gpio.c ****   GPIO_InitStruct.Speed = GPIO_SPEED_FREQ_VERY_HIGH;
 187              		.loc 1 87 3 is_stmt 1 view .LVU49
 188              		.loc 1 87 25 is_stmt 0 view .LVU50
 189 00c8 0325     		movs	r5, #3
 190 00ca 0A95     		str	r5, [sp, #40]
  88:Core/Src/gpio.c ****   GPIO_InitStruct.Alternate = GPIO_AF11_ETH;
 191              		.loc 1 88 3 is_stmt 1 view .LVU51
 192              		.loc 1 88 29 is_stmt 0 view .LVU52
 193 00cc 4FF00B09 		mov	r9, #11
 194 00d0 CDF82C90 		str	r9, [sp, #44]
  89:Core/Src/gpio.c ****   HAL_GPIO_Init(GPIOC, &GPIO_InitStruct);
 195              		.loc 1 89 3 is_stmt 1 view .LVU53
 196 00d4 07A9     		add	r1, sp, #28
 197 00d6 4248     		ldr	r0, .L3+16
ARM GAS  /var/folders/gy/djtlh36967g6qz60tx0ltrsw0000gn/T//ccU23PXC.s 			page 6


 198 00d8 FFF7FEFF 		bl	HAL_GPIO_Init
 199              	.LVL4:
  90:Core/Src/gpio.c **** 
  91:Core/Src/gpio.c ****   /*Configure GPIO pins : PAPin PAPin */
  92:Core/Src/gpio.c ****   GPIO_InitStruct.Pin = RMII_REF_CLK_Pin|RMII_MDIO_Pin;
 200              		.loc 1 92 3 view .LVU54
 201              		.loc 1 92 23 is_stmt 0 view .LVU55
 202 00dc 0623     		movs	r3, #6
 203 00de 0793     		str	r3, [sp, #28]
  93:Core/Src/gpio.c ****   GPIO_InitStruct.Mode = GPIO_MODE_AF_PP;
 204              		.loc 1 93 3 is_stmt 1 view .LVU56
 205              		.loc 1 93 24 is_stmt 0 view .LVU57
 206 00e0 0896     		str	r6, [sp, #32]
  94:Core/Src/gpio.c ****   GPIO_InitStruct.Pull = GPIO_NOPULL;
 207              		.loc 1 94 3 is_stmt 1 view .LVU58
 208              		.loc 1 94 24 is_stmt 0 view .LVU59
 209 00e2 0994     		str	r4, [sp, #36]
  95:Core/Src/gpio.c ****   GPIO_InitStruct.Speed = GPIO_SPEED_FREQ_VERY_HIGH;
 210              		.loc 1 95 3 is_stmt 1 view .LVU60
 211              		.loc 1 95 25 is_stmt 0 view .LVU61
 212 00e4 0A95     		str	r5, [sp, #40]
  96:Core/Src/gpio.c ****   GPIO_InitStruct.Alternate = GPIO_AF11_ETH;
 213              		.loc 1 96 3 is_stmt 1 view .LVU62
 214              		.loc 1 96 29 is_stmt 0 view .LVU63
 215 00e6 CDF82C90 		str	r9, [sp, #44]
  97:Core/Src/gpio.c ****   HAL_GPIO_Init(GPIOA, &GPIO_InitStruct);
 216              		.loc 1 97 3 is_stmt 1 view .LVU64
 217 00ea 07A9     		add	r1, sp, #28
 218 00ec 3846     		mov	r0, r7
 219 00ee FFF7FEFF 		bl	HAL_GPIO_Init
 220              	.LVL5:
  98:Core/Src/gpio.c **** 
  99:Core/Src/gpio.c ****   /*Configure GPIO pins : PAPin PAPin */
 100:Core/Src/gpio.c ****   GPIO_InitStruct.Pin = SPI_TFT_ILI9341_CS_Pin|TOUCH_ADS7843_CS_Pin;
 221              		.loc 1 100 3 view .LVU65
 222              		.loc 1 100 23 is_stmt 0 view .LVU66
 223 00f2 48F21003 		movw	r3, #32784
 224 00f6 0793     		str	r3, [sp, #28]
 101:Core/Src/gpio.c ****   GPIO_InitStruct.Mode = GPIO_MODE_OUTPUT_PP;
 225              		.loc 1 101 3 is_stmt 1 view .LVU67
 226              		.loc 1 101 24 is_stmt 0 view .LVU68
 227 00f8 4FF0010A 		mov	r10, #1
 228 00fc CDF820A0 		str	r10, [sp, #32]
 102:Core/Src/gpio.c ****   GPIO_InitStruct.Pull = GPIO_NOPULL;
 229              		.loc 1 102 3 is_stmt 1 view .LVU69
 230              		.loc 1 102 24 is_stmt 0 view .LVU70
 231 0100 0994     		str	r4, [sp, #36]
 103:Core/Src/gpio.c ****   GPIO_InitStruct.Speed = GPIO_SPEED_FREQ_LOW;
 232              		.loc 1 103 3 is_stmt 1 view .LVU71
 233              		.loc 1 103 25 is_stmt 0 view .LVU72
 234 0102 0A94     		str	r4, [sp, #40]
 104:Core/Src/gpio.c ****   HAL_GPIO_Init(GPIOA, &GPIO_InitStruct);
 235              		.loc 1 104 3 is_stmt 1 view .LVU73
 236 0104 07A9     		add	r1, sp, #28
 237 0106 3846     		mov	r0, r7
 238 0108 FFF7FEFF 		bl	HAL_GPIO_Init
 239              	.LVL6:
ARM GAS  /var/folders/gy/djtlh36967g6qz60tx0ltrsw0000gn/T//ccU23PXC.s 			page 7


 105:Core/Src/gpio.c **** 
 106:Core/Src/gpio.c ****   /*Configure GPIO pins : PGPin PGPin */
 107:Core/Src/gpio.c ****   GPIO_InitStruct.Pin = SPI_TFT_ILI9341_DC_Pin|USB_PowerSwitchOn_Pin;
 240              		.loc 1 107 3 view .LVU74
 241              		.loc 1 107 23 is_stmt 0 view .LVU75
 242 010c 4123     		movs	r3, #65
 243 010e 0793     		str	r3, [sp, #28]
 108:Core/Src/gpio.c ****   GPIO_InitStruct.Mode = GPIO_MODE_OUTPUT_PP;
 244              		.loc 1 108 3 is_stmt 1 view .LVU76
 245              		.loc 1 108 24 is_stmt 0 view .LVU77
 246 0110 CDF820A0 		str	r10, [sp, #32]
 109:Core/Src/gpio.c ****   GPIO_InitStruct.Pull = GPIO_NOPULL;
 247              		.loc 1 109 3 is_stmt 1 view .LVU78
 248              		.loc 1 109 24 is_stmt 0 view .LVU79
 249 0114 0994     		str	r4, [sp, #36]
 110:Core/Src/gpio.c ****   GPIO_InitStruct.Speed = GPIO_SPEED_FREQ_LOW;
 250              		.loc 1 110 3 is_stmt 1 view .LVU80
 251              		.loc 1 110 25 is_stmt 0 view .LVU81
 252 0116 0A94     		str	r4, [sp, #40]
 111:Core/Src/gpio.c ****   HAL_GPIO_Init(GPIOG, &GPIO_InitStruct);
 253              		.loc 1 111 3 is_stmt 1 view .LVU82
 254 0118 07A9     		add	r1, sp, #28
 255 011a 4046     		mov	r0, r8
 256 011c FFF7FEFF 		bl	HAL_GPIO_Init
 257              	.LVL7:
 112:Core/Src/gpio.c **** 
 113:Core/Src/gpio.c ****   /*Configure GPIO pins : PBPin PBPin PBPin */
 114:Core/Src/gpio.c ****   GPIO_InitStruct.Pin = SPI_TFT_ILI9341_RESET_Pin|LD3_Pin|LD2_Pin;
 258              		.loc 1 114 3 view .LVU83
 259              		.loc 1 114 23 is_stmt 0 view .LVU84
 260 0120 4FF49143 		mov	r3, #18560
 261 0124 0793     		str	r3, [sp, #28]
 115:Core/Src/gpio.c ****   GPIO_InitStruct.Mode = GPIO_MODE_OUTPUT_PP;
 262              		.loc 1 115 3 is_stmt 1 view .LVU85
 263              		.loc 1 115 24 is_stmt 0 view .LVU86
 264 0126 CDF820A0 		str	r10, [sp, #32]
 116:Core/Src/gpio.c ****   GPIO_InitStruct.Pull = GPIO_NOPULL;
 265              		.loc 1 116 3 is_stmt 1 view .LVU87
 266              		.loc 1 116 24 is_stmt 0 view .LVU88
 267 012a 0994     		str	r4, [sp, #36]
 117:Core/Src/gpio.c ****   GPIO_InitStruct.Speed = GPIO_SPEED_FREQ_LOW;
 268              		.loc 1 117 3 is_stmt 1 view .LVU89
 269              		.loc 1 117 25 is_stmt 0 view .LVU90
 270 012c 0A94     		str	r4, [sp, #40]
 118:Core/Src/gpio.c ****   HAL_GPIO_Init(GPIOB, &GPIO_InitStruct);
 271              		.loc 1 118 3 is_stmt 1 view .LVU91
 272 012e 07A9     		add	r1, sp, #28
 273 0130 2948     		ldr	r0, .L3+8
 274 0132 FFF7FEFF 		bl	HAL_GPIO_Init
 275              	.LVL8:
 119:Core/Src/gpio.c **** 
 120:Core/Src/gpio.c ****   /*Configure GPIO pin : PtPin */
 121:Core/Src/gpio.c ****   GPIO_InitStruct.Pin = RMII_TXD1_Pin;
 276              		.loc 1 121 3 view .LVU92
 277              		.loc 1 121 23 is_stmt 0 view .LVU93
 278 0136 CDF81CB0 		str	fp, [sp, #28]
 122:Core/Src/gpio.c ****   GPIO_InitStruct.Mode = GPIO_MODE_AF_PP;
ARM GAS  /var/folders/gy/djtlh36967g6qz60tx0ltrsw0000gn/T//ccU23PXC.s 			page 8


 279              		.loc 1 122 3 is_stmt 1 view .LVU94
 280              		.loc 1 122 24 is_stmt 0 view .LVU95
 281 013a 0896     		str	r6, [sp, #32]
 123:Core/Src/gpio.c ****   GPIO_InitStruct.Pull = GPIO_NOPULL;
 282              		.loc 1 123 3 is_stmt 1 view .LVU96
 283              		.loc 1 123 24 is_stmt 0 view .LVU97
 284 013c 0994     		str	r4, [sp, #36]
 124:Core/Src/gpio.c ****   GPIO_InitStruct.Speed = GPIO_SPEED_FREQ_VERY_HIGH;
 285              		.loc 1 124 3 is_stmt 1 view .LVU98
 286              		.loc 1 124 25 is_stmt 0 view .LVU99
 287 013e 0A95     		str	r5, [sp, #40]
 125:Core/Src/gpio.c ****   GPIO_InitStruct.Alternate = GPIO_AF11_ETH;
 288              		.loc 1 125 3 is_stmt 1 view .LVU100
 289              		.loc 1 125 29 is_stmt 0 view .LVU101
 290 0140 CDF82C90 		str	r9, [sp, #44]
 126:Core/Src/gpio.c ****   HAL_GPIO_Init(RMII_TXD1_GPIO_Port, &GPIO_InitStruct);
 291              		.loc 1 126 3 is_stmt 1 view .LVU102
 292 0144 07A9     		add	r1, sp, #28
 293 0146 2448     		ldr	r0, .L3+8
 294 0148 FFF7FEFF 		bl	HAL_GPIO_Init
 295              	.LVL9:
 127:Core/Src/gpio.c **** 
 128:Core/Src/gpio.c ****   /*Configure GPIO pins : PDPin PDPin */
 129:Core/Src/gpio.c ****   GPIO_InitStruct.Pin = STLK_RX_Pin|STLK_TX_Pin;
 296              		.loc 1 129 3 view .LVU103
 297              		.loc 1 129 23 is_stmt 0 view .LVU104
 298 014c 4FF44073 		mov	r3, #768
 299 0150 0793     		str	r3, [sp, #28]
 130:Core/Src/gpio.c ****   GPIO_InitStruct.Mode = GPIO_MODE_AF_PP;
 300              		.loc 1 130 3 is_stmt 1 view .LVU105
 301              		.loc 1 130 24 is_stmt 0 view .LVU106
 302 0152 0896     		str	r6, [sp, #32]
 131:Core/Src/gpio.c ****   GPIO_InitStruct.Pull = GPIO_NOPULL;
 303              		.loc 1 131 3 is_stmt 1 view .LVU107
 304              		.loc 1 131 24 is_stmt 0 view .LVU108
 305 0154 0994     		str	r4, [sp, #36]
 132:Core/Src/gpio.c ****   GPIO_InitStruct.Speed = GPIO_SPEED_FREQ_VERY_HIGH;
 306              		.loc 1 132 3 is_stmt 1 view .LVU109
 307              		.loc 1 132 25 is_stmt 0 view .LVU110
 308 0156 0A95     		str	r5, [sp, #40]
 133:Core/Src/gpio.c ****   GPIO_InitStruct.Alternate = GPIO_AF7_USART3;
 309              		.loc 1 133 3 is_stmt 1 view .LVU111
 310              		.loc 1 133 29 is_stmt 0 view .LVU112
 311 0158 0723     		movs	r3, #7
 312 015a 0B93     		str	r3, [sp, #44]
 134:Core/Src/gpio.c ****   HAL_GPIO_Init(GPIOD, &GPIO_InitStruct);
 313              		.loc 1 134 3 is_stmt 1 view .LVU113
 314 015c 07A9     		add	r1, sp, #28
 315 015e 2148     		ldr	r0, .L3+20
 316 0160 FFF7FEFF 		bl	HAL_GPIO_Init
 317              	.LVL10:
 135:Core/Src/gpio.c **** 
 136:Core/Src/gpio.c ****   /*Configure GPIO pin : PtPin */
 137:Core/Src/gpio.c ****   GPIO_InitStruct.Pin = USB_OverCurrent_Pin;
 318              		.loc 1 137 3 view .LVU114
 319              		.loc 1 137 23 is_stmt 0 view .LVU115
 320 0164 4FF0800A 		mov	r10, #128
ARM GAS  /var/folders/gy/djtlh36967g6qz60tx0ltrsw0000gn/T//ccU23PXC.s 			page 9


 321 0168 CDF81CA0 		str	r10, [sp, #28]
 138:Core/Src/gpio.c ****   GPIO_InitStruct.Mode = GPIO_MODE_INPUT;
 322              		.loc 1 138 3 is_stmt 1 view .LVU116
 323              		.loc 1 138 24 is_stmt 0 view .LVU117
 324 016c 0894     		str	r4, [sp, #32]
 139:Core/Src/gpio.c ****   GPIO_InitStruct.Pull = GPIO_NOPULL;
 325              		.loc 1 139 3 is_stmt 1 view .LVU118
 326              		.loc 1 139 24 is_stmt 0 view .LVU119
 327 016e 0994     		str	r4, [sp, #36]
 140:Core/Src/gpio.c ****   HAL_GPIO_Init(USB_OverCurrent_GPIO_Port, &GPIO_InitStruct);
 328              		.loc 1 140 3 is_stmt 1 view .LVU120
 329 0170 07A9     		add	r1, sp, #28
 330 0172 4046     		mov	r0, r8
 331 0174 FFF7FEFF 		bl	HAL_GPIO_Init
 332              	.LVL11:
 141:Core/Src/gpio.c **** 
 142:Core/Src/gpio.c ****   /*Configure GPIO pin : PtPin */
 143:Core/Src/gpio.c ****   GPIO_InitStruct.Pin = TOUCH_ADS7843_IRQ_Pin;
 333              		.loc 1 143 3 view .LVU121
 334              		.loc 1 143 23 is_stmt 0 view .LVU122
 335 0178 CDF81CA0 		str	r10, [sp, #28]
 144:Core/Src/gpio.c ****   GPIO_InitStruct.Mode = GPIO_MODE_INPUT;
 336              		.loc 1 144 3 is_stmt 1 view .LVU123
 337              		.loc 1 144 24 is_stmt 0 view .LVU124
 338 017c 0894     		str	r4, [sp, #32]
 145:Core/Src/gpio.c ****   GPIO_InitStruct.Pull = GPIO_NOPULL;
 339              		.loc 1 145 3 is_stmt 1 view .LVU125
 340              		.loc 1 145 24 is_stmt 0 view .LVU126
 341 017e 0994     		str	r4, [sp, #36]
 146:Core/Src/gpio.c ****   HAL_GPIO_Init(TOUCH_ADS7843_IRQ_GPIO_Port, &GPIO_InitStruct);
 342              		.loc 1 146 3 is_stmt 1 view .LVU127
 343 0180 07A9     		add	r1, sp, #28
 344 0182 1748     		ldr	r0, .L3+16
 345 0184 FFF7FEFF 		bl	HAL_GPIO_Init
 346              	.LVL12:
 147:Core/Src/gpio.c **** 
 148:Core/Src/gpio.c ****   /*Configure GPIO pins : PAPin PAPin PAPin PAPin */
 149:Core/Src/gpio.c ****   GPIO_InitStruct.Pin = USB_SOF_Pin|USB_ID_Pin|USB_DM_Pin|USB_DP_Pin;
 347              		.loc 1 149 3 view .LVU128
 348              		.loc 1 149 23 is_stmt 0 view .LVU129
 349 0188 4FF4E853 		mov	r3, #7424
 350 018c 0793     		str	r3, [sp, #28]
 150:Core/Src/gpio.c ****   GPIO_InitStruct.Mode = GPIO_MODE_AF_PP;
 351              		.loc 1 150 3 is_stmt 1 view .LVU130
 352              		.loc 1 150 24 is_stmt 0 view .LVU131
 353 018e 0896     		str	r6, [sp, #32]
 151:Core/Src/gpio.c ****   GPIO_InitStruct.Pull = GPIO_NOPULL;
 354              		.loc 1 151 3 is_stmt 1 view .LVU132
 355              		.loc 1 151 24 is_stmt 0 view .LVU133
 356 0190 0994     		str	r4, [sp, #36]
 152:Core/Src/gpio.c ****   GPIO_InitStruct.Speed = GPIO_SPEED_FREQ_VERY_HIGH;
 357              		.loc 1 152 3 is_stmt 1 view .LVU134
 358              		.loc 1 152 25 is_stmt 0 view .LVU135
 359 0192 0A95     		str	r5, [sp, #40]
 153:Core/Src/gpio.c ****   GPIO_InitStruct.Alternate = GPIO_AF10_OTG_FS;
 360              		.loc 1 153 3 is_stmt 1 view .LVU136
 361              		.loc 1 153 29 is_stmt 0 view .LVU137
ARM GAS  /var/folders/gy/djtlh36967g6qz60tx0ltrsw0000gn/T//ccU23PXC.s 			page 10


 362 0194 0A23     		movs	r3, #10
 363 0196 0B93     		str	r3, [sp, #44]
 154:Core/Src/gpio.c ****   HAL_GPIO_Init(GPIOA, &GPIO_InitStruct);
 364              		.loc 1 154 3 is_stmt 1 view .LVU138
 365 0198 07A9     		add	r1, sp, #28
 366 019a 3846     		mov	r0, r7
 367 019c FFF7FEFF 		bl	HAL_GPIO_Init
 368              	.LVL13:
 155:Core/Src/gpio.c **** 
 156:Core/Src/gpio.c ****   /*Configure GPIO pin : PtPin */
 157:Core/Src/gpio.c ****   GPIO_InitStruct.Pin = USB_VBUS_Pin;
 369              		.loc 1 157 3 view .LVU139
 370              		.loc 1 157 23 is_stmt 0 view .LVU140
 371 01a0 4FF40073 		mov	r3, #512
 372 01a4 0793     		str	r3, [sp, #28]
 158:Core/Src/gpio.c ****   GPIO_InitStruct.Mode = GPIO_MODE_INPUT;
 373              		.loc 1 158 3 is_stmt 1 view .LVU141
 374              		.loc 1 158 24 is_stmt 0 view .LVU142
 375 01a6 0894     		str	r4, [sp, #32]
 159:Core/Src/gpio.c ****   GPIO_InitStruct.Pull = GPIO_NOPULL;
 376              		.loc 1 159 3 is_stmt 1 view .LVU143
 377              		.loc 1 159 24 is_stmt 0 view .LVU144
 378 01a8 0994     		str	r4, [sp, #36]
 160:Core/Src/gpio.c ****   HAL_GPIO_Init(USB_VBUS_GPIO_Port, &GPIO_InitStruct);
 379              		.loc 1 160 3 is_stmt 1 view .LVU145
 380 01aa 07A9     		add	r1, sp, #28
 381 01ac 3846     		mov	r0, r7
 382 01ae FFF7FEFF 		bl	HAL_GPIO_Init
 383              	.LVL14:
 161:Core/Src/gpio.c **** 
 162:Core/Src/gpio.c ****   /*Configure GPIO pins : PGPin PGPin */
 163:Core/Src/gpio.c ****   GPIO_InitStruct.Pin = RMII_TX_EN_Pin|RMII_TXD0_Pin;
 384              		.loc 1 163 3 view .LVU146
 385              		.loc 1 163 23 is_stmt 0 view .LVU147
 386 01b2 4FF42053 		mov	r3, #10240
 387 01b6 0793     		str	r3, [sp, #28]
 164:Core/Src/gpio.c ****   GPIO_InitStruct.Mode = GPIO_MODE_AF_PP;
 388              		.loc 1 164 3 is_stmt 1 view .LVU148
 389              		.loc 1 164 24 is_stmt 0 view .LVU149
 390 01b8 0896     		str	r6, [sp, #32]
 165:Core/Src/gpio.c ****   GPIO_InitStruct.Pull = GPIO_NOPULL;
 391              		.loc 1 165 3 is_stmt 1 view .LVU150
 392              		.loc 1 165 24 is_stmt 0 view .LVU151
 393 01ba 0994     		str	r4, [sp, #36]
 166:Core/Src/gpio.c ****   GPIO_InitStruct.Speed = GPIO_SPEED_FREQ_VERY_HIGH;
 394              		.loc 1 166 3 is_stmt 1 view .LVU152
 395              		.loc 1 166 25 is_stmt 0 view .LVU153
 396 01bc 0A95     		str	r5, [sp, #40]
 167:Core/Src/gpio.c ****   GPIO_InitStruct.Alternate = GPIO_AF11_ETH;
 397              		.loc 1 167 3 is_stmt 1 view .LVU154
 398              		.loc 1 167 29 is_stmt 0 view .LVU155
 399 01be CDF82C90 		str	r9, [sp, #44]
 168:Core/Src/gpio.c ****   HAL_GPIO_Init(GPIOG, &GPIO_InitStruct);
 400              		.loc 1 168 3 is_stmt 1 view .LVU156
 401 01c2 07A9     		add	r1, sp, #28
 402 01c4 4046     		mov	r0, r8
 403 01c6 FFF7FEFF 		bl	HAL_GPIO_Init
ARM GAS  /var/folders/gy/djtlh36967g6qz60tx0ltrsw0000gn/T//ccU23PXC.s 			page 11


 404              	.LVL15:
 169:Core/Src/gpio.c **** 
 170:Core/Src/gpio.c **** }
 405              		.loc 1 170 1 is_stmt 0 view .LVU157
 406 01ca 0DB0     		add	sp, sp, #52
 407              	.LCFI2:
 408              		.cfi_def_cfa_offset 36
 409              		@ sp needed
 410 01cc BDE8F08F 		pop	{r4, r5, r6, r7, r8, r9, r10, fp, pc}
 411              	.L4:
 412              		.align	2
 413              	.L3:
 414 01d0 00380240 		.word	1073887232
 415 01d4 00000240 		.word	1073872896
 416 01d8 00040240 		.word	1073873920
 417 01dc 00001110 		.word	269549568
 418 01e0 00080240 		.word	1073874944
 419 01e4 000C0240 		.word	1073875968
 420 01e8 00180240 		.word	1073879040
 421              		.cfi_endproc
 422              	.LFE141:
 424              		.text
 425              	.Letext0:
 426              		.file 2 "/usr/local/Cellar/arm-none-eabi-gcc/8-2018-q4-major/gcc/arm-none-eabi/include/machine/_de
 427              		.file 3 "/usr/local/Cellar/arm-none-eabi-gcc/8-2018-q4-major/gcc/arm-none-eabi/include/sys/_stdint
 428              		.file 4 "/Users/jeannine.shiu/STM32Cube/Repository/STM32Cube_FW_F7_V1.15.0/Drivers/CMSIS/Include/c
 429              		.file 5 "/Users/jeannine.shiu/STM32Cube/Repository/STM32Cube_FW_F7_V1.15.0/Drivers/CMSIS/Device/ST
 430              		.file 6 "/Users/jeannine.shiu/STM32Cube/Repository/STM32Cube_FW_F7_V1.15.0/Drivers/CMSIS/Device/ST
 431              		.file 7 "/Users/jeannine.shiu/STM32Cube/Repository/STM32Cube_FW_F7_V1.15.0/Drivers/STM32F7xx_HAL_D
 432              		.file 8 "/Users/jeannine.shiu/STM32Cube/Repository/STM32Cube_FW_F7_V1.15.0/Drivers/STM32F7xx_HAL_D
ARM GAS  /var/folders/gy/djtlh36967g6qz60tx0ltrsw0000gn/T//ccU23PXC.s 			page 12


DEFINED SYMBOLS
                            *ABS*:0000000000000000 gpio.c
/var/folders/gy/djtlh36967g6qz60tx0ltrsw0000gn/T//ccU23PXC.s:17     .text.MX_GPIO_Init:0000000000000000 $t
/var/folders/gy/djtlh36967g6qz60tx0ltrsw0000gn/T//ccU23PXC.s:25     .text.MX_GPIO_Init:0000000000000000 MX_GPIO_Init
/var/folders/gy/djtlh36967g6qz60tx0ltrsw0000gn/T//ccU23PXC.s:414    .text.MX_GPIO_Init:00000000000001d0 $d

UNDEFINED SYMBOLS
HAL_GPIO_WritePin
HAL_GPIO_Init
