ARM GAS  /var/folders/gy/djtlh36967g6qz60tx0ltrsw0000gn/T//ccSSVTQJ.s 			page 1


   1              		.cpu cortex-m7
   2              		.eabi_attribute 28, 1
   3              		.eabi_attribute 20, 1
   4              		.eabi_attribute 21, 1
   5              		.eabi_attribute 23, 3
   6              		.eabi_attribute 24, 1
   7              		.eabi_attribute 25, 1
   8              		.eabi_attribute 26, 1
   9              		.eabi_attribute 30, 1
  10              		.eabi_attribute 34, 1
  11              		.eabi_attribute 18, 4
  12              		.file	"stm32f7xx_hal_spi_ex.c"
  13              		.text
  14              	.Ltext0:
  15              		.cfi_sections	.debug_frame
  16              		.section	.text.HAL_SPIEx_FlushRxFifo,"ax",%progbits
  17              		.align	1
  18              		.global	HAL_SPIEx_FlushRxFifo
  19              		.arch armv7e-m
  20              		.syntax unified
  21              		.thumb
  22              		.thumb_func
  23              		.fpu fpv5-d16
  25              	HAL_SPIEx_FlushRxFifo:
  26              	.LVL0:
  27              	.LFB141:
  28              		.file 1 "/Users/jeannine.shiu/STM32Cube/Repository/STM32Cube_FW_F7_V1.15.0/Drivers/STM32F7xx_HAL_D
   1:/Users/jeannine.shiu/STM32Cube/Repository/STM32Cube_FW_F7_V1.15.0/Drivers/STM32F7xx_HAL_Driver/Src/stm32f7xx_hal_spi_ex.c **** /**
   2:/Users/jeannine.shiu/STM32Cube/Repository/STM32Cube_FW_F7_V1.15.0/Drivers/STM32F7xx_HAL_Driver/Src/stm32f7xx_hal_spi_ex.c ****   ******************************************************************************
   3:/Users/jeannine.shiu/STM32Cube/Repository/STM32Cube_FW_F7_V1.15.0/Drivers/STM32F7xx_HAL_Driver/Src/stm32f7xx_hal_spi_ex.c ****   * @file    stm32f7xx_hal_spi_ex.c
   4:/Users/jeannine.shiu/STM32Cube/Repository/STM32Cube_FW_F7_V1.15.0/Drivers/STM32F7xx_HAL_Driver/Src/stm32f7xx_hal_spi_ex.c ****   * @author  MCD Application Team
   5:/Users/jeannine.shiu/STM32Cube/Repository/STM32Cube_FW_F7_V1.15.0/Drivers/STM32F7xx_HAL_Driver/Src/stm32f7xx_hal_spi_ex.c ****   * @brief   Extended SPI HAL module driver.
   6:/Users/jeannine.shiu/STM32Cube/Repository/STM32Cube_FW_F7_V1.15.0/Drivers/STM32F7xx_HAL_Driver/Src/stm32f7xx_hal_spi_ex.c ****   *          This file provides firmware functions to manage the following
   7:/Users/jeannine.shiu/STM32Cube/Repository/STM32Cube_FW_F7_V1.15.0/Drivers/STM32F7xx_HAL_Driver/Src/stm32f7xx_hal_spi_ex.c ****   *          SPI peripheral extended functionalities :
   8:/Users/jeannine.shiu/STM32Cube/Repository/STM32Cube_FW_F7_V1.15.0/Drivers/STM32F7xx_HAL_Driver/Src/stm32f7xx_hal_spi_ex.c ****   *           + IO operation functions
   9:/Users/jeannine.shiu/STM32Cube/Repository/STM32Cube_FW_F7_V1.15.0/Drivers/STM32F7xx_HAL_Driver/Src/stm32f7xx_hal_spi_ex.c ****   *
  10:/Users/jeannine.shiu/STM32Cube/Repository/STM32Cube_FW_F7_V1.15.0/Drivers/STM32F7xx_HAL_Driver/Src/stm32f7xx_hal_spi_ex.c ****   ******************************************************************************
  11:/Users/jeannine.shiu/STM32Cube/Repository/STM32Cube_FW_F7_V1.15.0/Drivers/STM32F7xx_HAL_Driver/Src/stm32f7xx_hal_spi_ex.c ****   * @attention
  12:/Users/jeannine.shiu/STM32Cube/Repository/STM32Cube_FW_F7_V1.15.0/Drivers/STM32F7xx_HAL_Driver/Src/stm32f7xx_hal_spi_ex.c ****   *
  13:/Users/jeannine.shiu/STM32Cube/Repository/STM32Cube_FW_F7_V1.15.0/Drivers/STM32F7xx_HAL_Driver/Src/stm32f7xx_hal_spi_ex.c ****   * <h2><center>&copy; Copyright (c) 2017 STMicroelectronics.
  14:/Users/jeannine.shiu/STM32Cube/Repository/STM32Cube_FW_F7_V1.15.0/Drivers/STM32F7xx_HAL_Driver/Src/stm32f7xx_hal_spi_ex.c ****   * All rights reserved.</center></h2>
  15:/Users/jeannine.shiu/STM32Cube/Repository/STM32Cube_FW_F7_V1.15.0/Drivers/STM32F7xx_HAL_Driver/Src/stm32f7xx_hal_spi_ex.c ****   *
  16:/Users/jeannine.shiu/STM32Cube/Repository/STM32Cube_FW_F7_V1.15.0/Drivers/STM32F7xx_HAL_Driver/Src/stm32f7xx_hal_spi_ex.c ****   * This software component is licensed by ST under BSD 3-Clause license,
  17:/Users/jeannine.shiu/STM32Cube/Repository/STM32Cube_FW_F7_V1.15.0/Drivers/STM32F7xx_HAL_Driver/Src/stm32f7xx_hal_spi_ex.c ****   * the "License"; You may not use this file except in compliance with the
  18:/Users/jeannine.shiu/STM32Cube/Repository/STM32Cube_FW_F7_V1.15.0/Drivers/STM32F7xx_HAL_Driver/Src/stm32f7xx_hal_spi_ex.c ****   * License. You may obtain a copy of the License at:
  19:/Users/jeannine.shiu/STM32Cube/Repository/STM32Cube_FW_F7_V1.15.0/Drivers/STM32F7xx_HAL_Driver/Src/stm32f7xx_hal_spi_ex.c ****   *                        opensource.org/licenses/BSD-3-Clause
  20:/Users/jeannine.shiu/STM32Cube/Repository/STM32Cube_FW_F7_V1.15.0/Drivers/STM32F7xx_HAL_Driver/Src/stm32f7xx_hal_spi_ex.c ****   *
  21:/Users/jeannine.shiu/STM32Cube/Repository/STM32Cube_FW_F7_V1.15.0/Drivers/STM32F7xx_HAL_Driver/Src/stm32f7xx_hal_spi_ex.c ****   ******************************************************************************
  22:/Users/jeannine.shiu/STM32Cube/Repository/STM32Cube_FW_F7_V1.15.0/Drivers/STM32F7xx_HAL_Driver/Src/stm32f7xx_hal_spi_ex.c ****   */
  23:/Users/jeannine.shiu/STM32Cube/Repository/STM32Cube_FW_F7_V1.15.0/Drivers/STM32F7xx_HAL_Driver/Src/stm32f7xx_hal_spi_ex.c **** 
  24:/Users/jeannine.shiu/STM32Cube/Repository/STM32Cube_FW_F7_V1.15.0/Drivers/STM32F7xx_HAL_Driver/Src/stm32f7xx_hal_spi_ex.c **** /* Includes ------------------------------------------------------------------*/
  25:/Users/jeannine.shiu/STM32Cube/Repository/STM32Cube_FW_F7_V1.15.0/Drivers/STM32F7xx_HAL_Driver/Src/stm32f7xx_hal_spi_ex.c **** #include "stm32f7xx_hal.h"
  26:/Users/jeannine.shiu/STM32Cube/Repository/STM32Cube_FW_F7_V1.15.0/Drivers/STM32F7xx_HAL_Driver/Src/stm32f7xx_hal_spi_ex.c **** 
  27:/Users/jeannine.shiu/STM32Cube/Repository/STM32Cube_FW_F7_V1.15.0/Drivers/STM32F7xx_HAL_Driver/Src/stm32f7xx_hal_spi_ex.c **** /** @addtogroup STM32F7xx_HAL_Driver
  28:/Users/jeannine.shiu/STM32Cube/Repository/STM32Cube_FW_F7_V1.15.0/Drivers/STM32F7xx_HAL_Driver/Src/stm32f7xx_hal_spi_ex.c ****   * @{
  29:/Users/jeannine.shiu/STM32Cube/Repository/STM32Cube_FW_F7_V1.15.0/Drivers/STM32F7xx_HAL_Driver/Src/stm32f7xx_hal_spi_ex.c ****   */
  30:/Users/jeannine.shiu/STM32Cube/Repository/STM32Cube_FW_F7_V1.15.0/Drivers/STM32F7xx_HAL_Driver/Src/stm32f7xx_hal_spi_ex.c **** 
ARM GAS  /var/folders/gy/djtlh36967g6qz60tx0ltrsw0000gn/T//ccSSVTQJ.s 			page 2


  31:/Users/jeannine.shiu/STM32Cube/Repository/STM32Cube_FW_F7_V1.15.0/Drivers/STM32F7xx_HAL_Driver/Src/stm32f7xx_hal_spi_ex.c **** /** @defgroup SPIEx SPIEx
  32:/Users/jeannine.shiu/STM32Cube/Repository/STM32Cube_FW_F7_V1.15.0/Drivers/STM32F7xx_HAL_Driver/Src/stm32f7xx_hal_spi_ex.c ****   * @brief SPI Extended HAL module driver
  33:/Users/jeannine.shiu/STM32Cube/Repository/STM32Cube_FW_F7_V1.15.0/Drivers/STM32F7xx_HAL_Driver/Src/stm32f7xx_hal_spi_ex.c ****   * @{
  34:/Users/jeannine.shiu/STM32Cube/Repository/STM32Cube_FW_F7_V1.15.0/Drivers/STM32F7xx_HAL_Driver/Src/stm32f7xx_hal_spi_ex.c ****   */
  35:/Users/jeannine.shiu/STM32Cube/Repository/STM32Cube_FW_F7_V1.15.0/Drivers/STM32F7xx_HAL_Driver/Src/stm32f7xx_hal_spi_ex.c **** #ifdef HAL_SPI_MODULE_ENABLED
  36:/Users/jeannine.shiu/STM32Cube/Repository/STM32Cube_FW_F7_V1.15.0/Drivers/STM32F7xx_HAL_Driver/Src/stm32f7xx_hal_spi_ex.c **** 
  37:/Users/jeannine.shiu/STM32Cube/Repository/STM32Cube_FW_F7_V1.15.0/Drivers/STM32F7xx_HAL_Driver/Src/stm32f7xx_hal_spi_ex.c **** /* Private typedef -----------------------------------------------------------*/
  38:/Users/jeannine.shiu/STM32Cube/Repository/STM32Cube_FW_F7_V1.15.0/Drivers/STM32F7xx_HAL_Driver/Src/stm32f7xx_hal_spi_ex.c **** /* Private defines -----------------------------------------------------------*/
  39:/Users/jeannine.shiu/STM32Cube/Repository/STM32Cube_FW_F7_V1.15.0/Drivers/STM32F7xx_HAL_Driver/Src/stm32f7xx_hal_spi_ex.c **** /** @defgroup SPIEx_Private_Constants SPIEx Private Constants
  40:/Users/jeannine.shiu/STM32Cube/Repository/STM32Cube_FW_F7_V1.15.0/Drivers/STM32F7xx_HAL_Driver/Src/stm32f7xx_hal_spi_ex.c ****   * @{
  41:/Users/jeannine.shiu/STM32Cube/Repository/STM32Cube_FW_F7_V1.15.0/Drivers/STM32F7xx_HAL_Driver/Src/stm32f7xx_hal_spi_ex.c ****   */
  42:/Users/jeannine.shiu/STM32Cube/Repository/STM32Cube_FW_F7_V1.15.0/Drivers/STM32F7xx_HAL_Driver/Src/stm32f7xx_hal_spi_ex.c **** #define SPI_FIFO_SIZE       4UL
  43:/Users/jeannine.shiu/STM32Cube/Repository/STM32Cube_FW_F7_V1.15.0/Drivers/STM32F7xx_HAL_Driver/Src/stm32f7xx_hal_spi_ex.c **** /**
  44:/Users/jeannine.shiu/STM32Cube/Repository/STM32Cube_FW_F7_V1.15.0/Drivers/STM32F7xx_HAL_Driver/Src/stm32f7xx_hal_spi_ex.c ****   * @}
  45:/Users/jeannine.shiu/STM32Cube/Repository/STM32Cube_FW_F7_V1.15.0/Drivers/STM32F7xx_HAL_Driver/Src/stm32f7xx_hal_spi_ex.c ****   */
  46:/Users/jeannine.shiu/STM32Cube/Repository/STM32Cube_FW_F7_V1.15.0/Drivers/STM32F7xx_HAL_Driver/Src/stm32f7xx_hal_spi_ex.c **** 
  47:/Users/jeannine.shiu/STM32Cube/Repository/STM32Cube_FW_F7_V1.15.0/Drivers/STM32F7xx_HAL_Driver/Src/stm32f7xx_hal_spi_ex.c **** /* Private macros ------------------------------------------------------------*/
  48:/Users/jeannine.shiu/STM32Cube/Repository/STM32Cube_FW_F7_V1.15.0/Drivers/STM32F7xx_HAL_Driver/Src/stm32f7xx_hal_spi_ex.c **** /* Private variables ---------------------------------------------------------*/
  49:/Users/jeannine.shiu/STM32Cube/Repository/STM32Cube_FW_F7_V1.15.0/Drivers/STM32F7xx_HAL_Driver/Src/stm32f7xx_hal_spi_ex.c **** /* Private function prototypes -----------------------------------------------*/
  50:/Users/jeannine.shiu/STM32Cube/Repository/STM32Cube_FW_F7_V1.15.0/Drivers/STM32F7xx_HAL_Driver/Src/stm32f7xx_hal_spi_ex.c **** /* Exported functions --------------------------------------------------------*/
  51:/Users/jeannine.shiu/STM32Cube/Repository/STM32Cube_FW_F7_V1.15.0/Drivers/STM32F7xx_HAL_Driver/Src/stm32f7xx_hal_spi_ex.c **** 
  52:/Users/jeannine.shiu/STM32Cube/Repository/STM32Cube_FW_F7_V1.15.0/Drivers/STM32F7xx_HAL_Driver/Src/stm32f7xx_hal_spi_ex.c **** /** @defgroup SPIEx_Exported_Functions SPIEx Exported Functions
  53:/Users/jeannine.shiu/STM32Cube/Repository/STM32Cube_FW_F7_V1.15.0/Drivers/STM32F7xx_HAL_Driver/Src/stm32f7xx_hal_spi_ex.c ****   * @{
  54:/Users/jeannine.shiu/STM32Cube/Repository/STM32Cube_FW_F7_V1.15.0/Drivers/STM32F7xx_HAL_Driver/Src/stm32f7xx_hal_spi_ex.c ****   */
  55:/Users/jeannine.shiu/STM32Cube/Repository/STM32Cube_FW_F7_V1.15.0/Drivers/STM32F7xx_HAL_Driver/Src/stm32f7xx_hal_spi_ex.c **** 
  56:/Users/jeannine.shiu/STM32Cube/Repository/STM32Cube_FW_F7_V1.15.0/Drivers/STM32F7xx_HAL_Driver/Src/stm32f7xx_hal_spi_ex.c **** /** @defgroup SPIEx_Exported_Functions_Group1 IO operation functions
  57:/Users/jeannine.shiu/STM32Cube/Repository/STM32Cube_FW_F7_V1.15.0/Drivers/STM32F7xx_HAL_Driver/Src/stm32f7xx_hal_spi_ex.c ****   *  @brief   Data transfers functions
  58:/Users/jeannine.shiu/STM32Cube/Repository/STM32Cube_FW_F7_V1.15.0/Drivers/STM32F7xx_HAL_Driver/Src/stm32f7xx_hal_spi_ex.c ****   *
  59:/Users/jeannine.shiu/STM32Cube/Repository/STM32Cube_FW_F7_V1.15.0/Drivers/STM32F7xx_HAL_Driver/Src/stm32f7xx_hal_spi_ex.c **** @verbatim
  60:/Users/jeannine.shiu/STM32Cube/Repository/STM32Cube_FW_F7_V1.15.0/Drivers/STM32F7xx_HAL_Driver/Src/stm32f7xx_hal_spi_ex.c ****   ==============================================================================
  61:/Users/jeannine.shiu/STM32Cube/Repository/STM32Cube_FW_F7_V1.15.0/Drivers/STM32F7xx_HAL_Driver/Src/stm32f7xx_hal_spi_ex.c ****                       ##### IO operation functions #####
  62:/Users/jeannine.shiu/STM32Cube/Repository/STM32Cube_FW_F7_V1.15.0/Drivers/STM32F7xx_HAL_Driver/Src/stm32f7xx_hal_spi_ex.c ****  ===============================================================================
  63:/Users/jeannine.shiu/STM32Cube/Repository/STM32Cube_FW_F7_V1.15.0/Drivers/STM32F7xx_HAL_Driver/Src/stm32f7xx_hal_spi_ex.c ****  [..]
  64:/Users/jeannine.shiu/STM32Cube/Repository/STM32Cube_FW_F7_V1.15.0/Drivers/STM32F7xx_HAL_Driver/Src/stm32f7xx_hal_spi_ex.c ****     This subsection provides a set of extended functions to manage the SPI
  65:/Users/jeannine.shiu/STM32Cube/Repository/STM32Cube_FW_F7_V1.15.0/Drivers/STM32F7xx_HAL_Driver/Src/stm32f7xx_hal_spi_ex.c ****     data transfers.
  66:/Users/jeannine.shiu/STM32Cube/Repository/STM32Cube_FW_F7_V1.15.0/Drivers/STM32F7xx_HAL_Driver/Src/stm32f7xx_hal_spi_ex.c **** 
  67:/Users/jeannine.shiu/STM32Cube/Repository/STM32Cube_FW_F7_V1.15.0/Drivers/STM32F7xx_HAL_Driver/Src/stm32f7xx_hal_spi_ex.c ****     (#) Rx data flush function:
  68:/Users/jeannine.shiu/STM32Cube/Repository/STM32Cube_FW_F7_V1.15.0/Drivers/STM32F7xx_HAL_Driver/Src/stm32f7xx_hal_spi_ex.c ****         (++) HAL_SPIEx_FlushRxFifo()
  69:/Users/jeannine.shiu/STM32Cube/Repository/STM32Cube_FW_F7_V1.15.0/Drivers/STM32F7xx_HAL_Driver/Src/stm32f7xx_hal_spi_ex.c **** 
  70:/Users/jeannine.shiu/STM32Cube/Repository/STM32Cube_FW_F7_V1.15.0/Drivers/STM32F7xx_HAL_Driver/Src/stm32f7xx_hal_spi_ex.c **** @endverbatim
  71:/Users/jeannine.shiu/STM32Cube/Repository/STM32Cube_FW_F7_V1.15.0/Drivers/STM32F7xx_HAL_Driver/Src/stm32f7xx_hal_spi_ex.c ****   * @{
  72:/Users/jeannine.shiu/STM32Cube/Repository/STM32Cube_FW_F7_V1.15.0/Drivers/STM32F7xx_HAL_Driver/Src/stm32f7xx_hal_spi_ex.c ****   */
  73:/Users/jeannine.shiu/STM32Cube/Repository/STM32Cube_FW_F7_V1.15.0/Drivers/STM32F7xx_HAL_Driver/Src/stm32f7xx_hal_spi_ex.c **** 
  74:/Users/jeannine.shiu/STM32Cube/Repository/STM32Cube_FW_F7_V1.15.0/Drivers/STM32F7xx_HAL_Driver/Src/stm32f7xx_hal_spi_ex.c **** /**
  75:/Users/jeannine.shiu/STM32Cube/Repository/STM32Cube_FW_F7_V1.15.0/Drivers/STM32F7xx_HAL_Driver/Src/stm32f7xx_hal_spi_ex.c ****   * @brief  Flush the RX fifo.
  76:/Users/jeannine.shiu/STM32Cube/Repository/STM32Cube_FW_F7_V1.15.0/Drivers/STM32F7xx_HAL_Driver/Src/stm32f7xx_hal_spi_ex.c ****   * @param  hspi pointer to a SPI_HandleTypeDef structure that contains
  77:/Users/jeannine.shiu/STM32Cube/Repository/STM32Cube_FW_F7_V1.15.0/Drivers/STM32F7xx_HAL_Driver/Src/stm32f7xx_hal_spi_ex.c ****   *               the configuration information for the specified SPI module.
  78:/Users/jeannine.shiu/STM32Cube/Repository/STM32Cube_FW_F7_V1.15.0/Drivers/STM32F7xx_HAL_Driver/Src/stm32f7xx_hal_spi_ex.c ****   * @retval HAL status
  79:/Users/jeannine.shiu/STM32Cube/Repository/STM32Cube_FW_F7_V1.15.0/Drivers/STM32F7xx_HAL_Driver/Src/stm32f7xx_hal_spi_ex.c ****   */
  80:/Users/jeannine.shiu/STM32Cube/Repository/STM32Cube_FW_F7_V1.15.0/Drivers/STM32F7xx_HAL_Driver/Src/stm32f7xx_hal_spi_ex.c **** HAL_StatusTypeDef HAL_SPIEx_FlushRxFifo(SPI_HandleTypeDef *hspi)
  81:/Users/jeannine.shiu/STM32Cube/Repository/STM32Cube_FW_F7_V1.15.0/Drivers/STM32F7xx_HAL_Driver/Src/stm32f7xx_hal_spi_ex.c **** {
  29              		.loc 1 81 1 view -0
  30              		.cfi_startproc
  31              		@ args = 0, pretend = 0, frame = 8
  32              		@ frame_needed = 0, uses_anonymous_args = 0
  33              		@ link register save eliminated.
  82:/Users/jeannine.shiu/STM32Cube/Repository/STM32Cube_FW_F7_V1.15.0/Drivers/STM32F7xx_HAL_Driver/Src/stm32f7xx_hal_spi_ex.c ****   __IO uint32_t tmpreg;
ARM GAS  /var/folders/gy/djtlh36967g6qz60tx0ltrsw0000gn/T//ccSSVTQJ.s 			page 3


  34              		.loc 1 82 3 view .LVU1
  83:/Users/jeannine.shiu/STM32Cube/Repository/STM32Cube_FW_F7_V1.15.0/Drivers/STM32F7xx_HAL_Driver/Src/stm32f7xx_hal_spi_ex.c ****   uint8_t  count = 0U;
  35              		.loc 1 83 3 view .LVU2
  84:/Users/jeannine.shiu/STM32Cube/Repository/STM32Cube_FW_F7_V1.15.0/Drivers/STM32F7xx_HAL_Driver/Src/stm32f7xx_hal_spi_ex.c ****   while ((hspi->Instance->SR & SPI_FLAG_FRLVL) !=  SPI_FRLVL_EMPTY)
  36              		.loc 1 84 3 view .LVU3
  83:/Users/jeannine.shiu/STM32Cube/Repository/STM32Cube_FW_F7_V1.15.0/Drivers/STM32F7xx_HAL_Driver/Src/stm32f7xx_hal_spi_ex.c ****   uint8_t  count = 0U;
  37              		.loc 1 83 12 is_stmt 0 view .LVU4
  38 0000 0023     		movs	r3, #0
  39              	.LVL1:
  40              		.loc 1 84 15 view .LVU5
  41 0002 0268     		ldr	r2, [r0]
  42              		.loc 1 84 25 view .LVU6
  43 0004 9168     		ldr	r1, [r2, #8]
  44              		.loc 1 84 9 view .LVU7
  45 0006 11F4C06F 		tst	r1, #1536
  46 000a 12D0     		beq	.L10
  81:/Users/jeannine.shiu/STM32Cube/Repository/STM32Cube_FW_F7_V1.15.0/Drivers/STM32F7xx_HAL_Driver/Src/stm32f7xx_hal_spi_ex.c ****   __IO uint32_t tmpreg;
  47              		.loc 1 81 1 view .LVU8
  48 000c 82B0     		sub	sp, sp, #8
  49              	.LCFI0:
  50              		.cfi_def_cfa_offset 8
  51 000e 04E0     		b	.L4
  52              	.L12:
  53              		.loc 1 84 15 view .LVU9
  54 0010 0268     		ldr	r2, [r0]
  55              		.loc 1 84 25 view .LVU10
  56 0012 9168     		ldr	r1, [r2, #8]
  57              		.loc 1 84 9 view .LVU11
  58 0014 11F4C06F 		tst	r1, #1536
  59 0018 09D0     		beq	.L11
  60              	.L4:
  85:/Users/jeannine.shiu/STM32Cube/Repository/STM32Cube_FW_F7_V1.15.0/Drivers/STM32F7xx_HAL_Driver/Src/stm32f7xx_hal_spi_ex.c ****   {
  86:/Users/jeannine.shiu/STM32Cube/Repository/STM32Cube_FW_F7_V1.15.0/Drivers/STM32F7xx_HAL_Driver/Src/stm32f7xx_hal_spi_ex.c ****     count++;
  61              		.loc 1 86 5 is_stmt 1 view .LVU12
  62              		.loc 1 86 10 is_stmt 0 view .LVU13
  63 001a 0133     		adds	r3, r3, #1
  64              	.LVL2:
  65              		.loc 1 86 10 view .LVU14
  66 001c DBB2     		uxtb	r3, r3
  67              	.LVL3:
  87:/Users/jeannine.shiu/STM32Cube/Repository/STM32Cube_FW_F7_V1.15.0/Drivers/STM32F7xx_HAL_Driver/Src/stm32f7xx_hal_spi_ex.c ****     tmpreg = hspi->Instance->DR;
  68              		.loc 1 87 5 is_stmt 1 view .LVU15
  69              		.loc 1 87 28 is_stmt 0 view .LVU16
  70 001e D268     		ldr	r2, [r2, #12]
  71              		.loc 1 87 12 view .LVU17
  72 0020 0192     		str	r2, [sp, #4]
  88:/Users/jeannine.shiu/STM32Cube/Repository/STM32Cube_FW_F7_V1.15.0/Drivers/STM32F7xx_HAL_Driver/Src/stm32f7xx_hal_spi_ex.c ****     UNUSED(tmpreg); /* To avoid GCC warning */
  73              		.loc 1 88 5 is_stmt 1 view .LVU18
  74 0022 019A     		ldr	r2, [sp, #4]
  89:/Users/jeannine.shiu/STM32Cube/Repository/STM32Cube_FW_F7_V1.15.0/Drivers/STM32F7xx_HAL_Driver/Src/stm32f7xx_hal_spi_ex.c ****     if (count == SPI_FIFO_SIZE)
  75              		.loc 1 89 5 view .LVU19
  76              		.loc 1 89 8 is_stmt 0 view .LVU20
  77 0024 042B     		cmp	r3, #4
  78 0026 F3D1     		bne	.L12
  90:/Users/jeannine.shiu/STM32Cube/Repository/STM32Cube_FW_F7_V1.15.0/Drivers/STM32F7xx_HAL_Driver/Src/stm32f7xx_hal_spi_ex.c ****     {
  91:/Users/jeannine.shiu/STM32Cube/Repository/STM32Cube_FW_F7_V1.15.0/Drivers/STM32F7xx_HAL_Driver/Src/stm32f7xx_hal_spi_ex.c ****       return HAL_TIMEOUT;
  79              		.loc 1 91 14 view .LVU21
ARM GAS  /var/folders/gy/djtlh36967g6qz60tx0ltrsw0000gn/T//ccSSVTQJ.s 			page 4


  80 0028 0320     		movs	r0, #3
  81              	.LVL4:
  82              	.L3:
  92:/Users/jeannine.shiu/STM32Cube/Repository/STM32Cube_FW_F7_V1.15.0/Drivers/STM32F7xx_HAL_Driver/Src/stm32f7xx_hal_spi_ex.c ****     }
  93:/Users/jeannine.shiu/STM32Cube/Repository/STM32Cube_FW_F7_V1.15.0/Drivers/STM32F7xx_HAL_Driver/Src/stm32f7xx_hal_spi_ex.c ****   }
  94:/Users/jeannine.shiu/STM32Cube/Repository/STM32Cube_FW_F7_V1.15.0/Drivers/STM32F7xx_HAL_Driver/Src/stm32f7xx_hal_spi_ex.c ****   return HAL_OK;
  95:/Users/jeannine.shiu/STM32Cube/Repository/STM32Cube_FW_F7_V1.15.0/Drivers/STM32F7xx_HAL_Driver/Src/stm32f7xx_hal_spi_ex.c **** }
  83              		.loc 1 95 1 view .LVU22
  84 002a 02B0     		add	sp, sp, #8
  85              	.LCFI1:
  86              		.cfi_remember_state
  87              		.cfi_def_cfa_offset 0
  88              		@ sp needed
  89 002c 7047     		bx	lr
  90              	.LVL5:
  91              	.L11:
  92              	.LCFI2:
  93              		.cfi_restore_state
  94:/Users/jeannine.shiu/STM32Cube/Repository/STM32Cube_FW_F7_V1.15.0/Drivers/STM32F7xx_HAL_Driver/Src/stm32f7xx_hal_spi_ex.c **** }
  94              		.loc 1 94 10 view .LVU23
  95 002e 0020     		movs	r0, #0
  96              	.LVL6:
  94:/Users/jeannine.shiu/STM32Cube/Repository/STM32Cube_FW_F7_V1.15.0/Drivers/STM32F7xx_HAL_Driver/Src/stm32f7xx_hal_spi_ex.c **** }
  97              		.loc 1 94 10 view .LVU24
  98 0030 FBE7     		b	.L3
  99              	.LVL7:
 100              	.L10:
 101              	.LCFI3:
 102              		.cfi_def_cfa_offset 0
  94:/Users/jeannine.shiu/STM32Cube/Repository/STM32Cube_FW_F7_V1.15.0/Drivers/STM32F7xx_HAL_Driver/Src/stm32f7xx_hal_spi_ex.c **** }
 103              		.loc 1 94 10 view .LVU25
 104 0032 0020     		movs	r0, #0
 105              	.LVL8:
 106              		.loc 1 95 1 view .LVU26
 107 0034 7047     		bx	lr
 108              		.cfi_endproc
 109              	.LFE141:
 111              		.text
 112              	.Letext0:
 113              		.file 2 "/usr/local/Cellar/arm-none-eabi-gcc/8-2018-q4-major/gcc/arm-none-eabi/include/machine/_de
 114              		.file 3 "/usr/local/Cellar/arm-none-eabi-gcc/8-2018-q4-major/gcc/arm-none-eabi/include/sys/_stdint
 115              		.file 4 "/Users/jeannine.shiu/STM32Cube/Repository/STM32Cube_FW_F7_V1.15.0/Drivers/CMSIS/Include/c
 116              		.file 5 "/Users/jeannine.shiu/STM32Cube/Repository/STM32Cube_FW_F7_V1.15.0/Drivers/CMSIS/Device/ST
 117              		.file 6 "/Users/jeannine.shiu/STM32Cube/Repository/STM32Cube_FW_F7_V1.15.0/Drivers/CMSIS/Device/ST
 118              		.file 7 "/Users/jeannine.shiu/STM32Cube/Repository/STM32Cube_FW_F7_V1.15.0/Drivers/STM32F7xx_HAL_D
 119              		.file 8 "/Users/jeannine.shiu/STM32Cube/Repository/STM32Cube_FW_F7_V1.15.0/Drivers/STM32F7xx_HAL_D
 120              		.file 9 "/Users/jeannine.shiu/STM32Cube/Repository/STM32Cube_FW_F7_V1.15.0/Drivers/STM32F7xx_HAL_D
 121              		.file 10 "/Users/jeannine.shiu/STM32Cube/Repository/STM32Cube_FW_F7_V1.15.0/Drivers/STM32F7xx_HAL_
ARM GAS  /var/folders/gy/djtlh36967g6qz60tx0ltrsw0000gn/T//ccSSVTQJ.s 			page 5


DEFINED SYMBOLS
                            *ABS*:0000000000000000 stm32f7xx_hal_spi_ex.c
/var/folders/gy/djtlh36967g6qz60tx0ltrsw0000gn/T//ccSSVTQJ.s:17     .text.HAL_SPIEx_FlushRxFifo:0000000000000000 $t
/var/folders/gy/djtlh36967g6qz60tx0ltrsw0000gn/T//ccSSVTQJ.s:25     .text.HAL_SPIEx_FlushRxFifo:0000000000000000 HAL_SPIEx_FlushRxFifo

NO UNDEFINED SYMBOLS
