ARM GAS  /var/folders/gy/djtlh36967g6qz60tx0ltrsw0000gn/T//ccTp1OiY.s 			page 1


   1              		.cpu cortex-m7
   2              		.eabi_attribute 28, 1
   3              		.eabi_attribute 20, 1
   4              		.eabi_attribute 21, 1
   5              		.eabi_attribute 23, 3
   6              		.eabi_attribute 24, 1
   7              		.eabi_attribute 25, 1
   8              		.eabi_attribute 26, 1
   9              		.eabi_attribute 30, 1
  10              		.eabi_attribute 34, 1
  11              		.eabi_attribute 18, 4
  12              		.file	"stm32f7xx_it.c"
  13              		.text
  14              	.Ltext0:
  15              		.cfi_sections	.debug_frame
  16              		.section	.text.NMI_Handler,"ax",%progbits
  17              		.align	1
  18              		.global	NMI_Handler
  19              		.arch armv7e-m
  20              		.syntax unified
  21              		.thumb
  22              		.thumb_func
  23              		.fpu fpv5-d16
  25              	NMI_Handler:
  26              	.LFB141:
  27              		.file 1 "Core/Src/stm32f7xx_it.c"
   1:Core/Src/stm32f7xx_it.c **** /* USER CODE BEGIN Header */
   2:Core/Src/stm32f7xx_it.c **** /**
   3:Core/Src/stm32f7xx_it.c ****   ******************************************************************************
   4:Core/Src/stm32f7xx_it.c ****   * @file    stm32f7xx_it.c
   5:Core/Src/stm32f7xx_it.c ****   * @brief   Interrupt Service Routines.
   6:Core/Src/stm32f7xx_it.c ****   ******************************************************************************
   7:Core/Src/stm32f7xx_it.c ****   * @attention
   8:Core/Src/stm32f7xx_it.c ****   *
   9:Core/Src/stm32f7xx_it.c ****   * <h2><center>&copy; Copyright (c) 2019 STMicroelectronics.
  10:Core/Src/stm32f7xx_it.c ****   * All rights reserved.</center></h2>
  11:Core/Src/stm32f7xx_it.c ****   *
  12:Core/Src/stm32f7xx_it.c ****   * This software component is licensed by ST under BSD 3-Clause license,
  13:Core/Src/stm32f7xx_it.c ****   * the "License"; You may not use this file except in compliance with the
  14:Core/Src/stm32f7xx_it.c ****   * License. You may obtain a copy of the License at:
  15:Core/Src/stm32f7xx_it.c ****   *                        opensource.org/licenses/BSD-3-Clause
  16:Core/Src/stm32f7xx_it.c ****   *
  17:Core/Src/stm32f7xx_it.c ****   ******************************************************************************
  18:Core/Src/stm32f7xx_it.c ****   */
  19:Core/Src/stm32f7xx_it.c **** /* USER CODE END Header */
  20:Core/Src/stm32f7xx_it.c **** 
  21:Core/Src/stm32f7xx_it.c **** /* Includes ------------------------------------------------------------------*/
  22:Core/Src/stm32f7xx_it.c **** #include "main.h"
  23:Core/Src/stm32f7xx_it.c **** #include "stm32f7xx_it.h"
  24:Core/Src/stm32f7xx_it.c **** /* Private includes ----------------------------------------------------------*/
  25:Core/Src/stm32f7xx_it.c **** /* USER CODE BEGIN Includes */
  26:Core/Src/stm32f7xx_it.c **** /* USER CODE END Includes */
  27:Core/Src/stm32f7xx_it.c ****   
  28:Core/Src/stm32f7xx_it.c **** /* Private typedef -----------------------------------------------------------*/
  29:Core/Src/stm32f7xx_it.c **** /* USER CODE BEGIN TD */
  30:Core/Src/stm32f7xx_it.c **** 
  31:Core/Src/stm32f7xx_it.c **** /* USER CODE END TD */
ARM GAS  /var/folders/gy/djtlh36967g6qz60tx0ltrsw0000gn/T//ccTp1OiY.s 			page 2


  32:Core/Src/stm32f7xx_it.c **** 
  33:Core/Src/stm32f7xx_it.c **** /* Private define ------------------------------------------------------------*/
  34:Core/Src/stm32f7xx_it.c **** /* USER CODE BEGIN PD */
  35:Core/Src/stm32f7xx_it.c ****  
  36:Core/Src/stm32f7xx_it.c **** /* USER CODE END PD */
  37:Core/Src/stm32f7xx_it.c **** 
  38:Core/Src/stm32f7xx_it.c **** /* Private macro -------------------------------------------------------------*/
  39:Core/Src/stm32f7xx_it.c **** /* USER CODE BEGIN PM */
  40:Core/Src/stm32f7xx_it.c **** 
  41:Core/Src/stm32f7xx_it.c **** /* USER CODE END PM */
  42:Core/Src/stm32f7xx_it.c **** 
  43:Core/Src/stm32f7xx_it.c **** /* Private variables ---------------------------------------------------------*/
  44:Core/Src/stm32f7xx_it.c **** /* USER CODE BEGIN PV */
  45:Core/Src/stm32f7xx_it.c **** 
  46:Core/Src/stm32f7xx_it.c **** /* USER CODE END PV */
  47:Core/Src/stm32f7xx_it.c **** 
  48:Core/Src/stm32f7xx_it.c **** /* Private function prototypes -----------------------------------------------*/
  49:Core/Src/stm32f7xx_it.c **** /* USER CODE BEGIN PFP */
  50:Core/Src/stm32f7xx_it.c **** 
  51:Core/Src/stm32f7xx_it.c **** /* USER CODE END PFP */
  52:Core/Src/stm32f7xx_it.c **** 
  53:Core/Src/stm32f7xx_it.c **** /* Private user code ---------------------------------------------------------*/
  54:Core/Src/stm32f7xx_it.c **** /* USER CODE BEGIN 0 */
  55:Core/Src/stm32f7xx_it.c **** 
  56:Core/Src/stm32f7xx_it.c **** /* USER CODE END 0 */
  57:Core/Src/stm32f7xx_it.c **** 
  58:Core/Src/stm32f7xx_it.c **** /* External variables --------------------------------------------------------*/
  59:Core/Src/stm32f7xx_it.c **** 
  60:Core/Src/stm32f7xx_it.c **** /* USER CODE BEGIN EV */
  61:Core/Src/stm32f7xx_it.c **** 
  62:Core/Src/stm32f7xx_it.c **** /* USER CODE END EV */
  63:Core/Src/stm32f7xx_it.c **** 
  64:Core/Src/stm32f7xx_it.c **** /******************************************************************************/
  65:Core/Src/stm32f7xx_it.c **** /*           Cortex-M7 Processor Interruption and Exception Handlers          */ 
  66:Core/Src/stm32f7xx_it.c **** /******************************************************************************/
  67:Core/Src/stm32f7xx_it.c **** /**
  68:Core/Src/stm32f7xx_it.c ****   * @brief This function handles Non maskable interrupt.
  69:Core/Src/stm32f7xx_it.c ****   */
  70:Core/Src/stm32f7xx_it.c **** void NMI_Handler(void)
  71:Core/Src/stm32f7xx_it.c **** {
  28              		.loc 1 71 1 view -0
  29              		.cfi_startproc
  30              		@ args = 0, pretend = 0, frame = 0
  31              		@ frame_needed = 0, uses_anonymous_args = 0
  32              		@ link register save eliminated.
  72:Core/Src/stm32f7xx_it.c ****   /* USER CODE BEGIN NonMaskableInt_IRQn 0 */
  73:Core/Src/stm32f7xx_it.c **** 
  74:Core/Src/stm32f7xx_it.c ****   /* USER CODE END NonMaskableInt_IRQn 0 */
  75:Core/Src/stm32f7xx_it.c ****   /* USER CODE BEGIN NonMaskableInt_IRQn 1 */
  76:Core/Src/stm32f7xx_it.c **** 
  77:Core/Src/stm32f7xx_it.c ****   /* USER CODE END NonMaskableInt_IRQn 1 */
  78:Core/Src/stm32f7xx_it.c **** }
  33              		.loc 1 78 1 view .LVU1
  34 0000 7047     		bx	lr
  35              		.cfi_endproc
  36              	.LFE141:
  38              		.section	.text.HardFault_Handler,"ax",%progbits
ARM GAS  /var/folders/gy/djtlh36967g6qz60tx0ltrsw0000gn/T//ccTp1OiY.s 			page 3


  39              		.align	1
  40              		.global	HardFault_Handler
  41              		.syntax unified
  42              		.thumb
  43              		.thumb_func
  44              		.fpu fpv5-d16
  46              	HardFault_Handler:
  47              	.LFB142:
  79:Core/Src/stm32f7xx_it.c **** 
  80:Core/Src/stm32f7xx_it.c **** /**
  81:Core/Src/stm32f7xx_it.c ****   * @brief This function handles Hard fault interrupt.
  82:Core/Src/stm32f7xx_it.c ****   */
  83:Core/Src/stm32f7xx_it.c **** void HardFault_Handler(void)
  84:Core/Src/stm32f7xx_it.c **** {
  48              		.loc 1 84 1 view -0
  49              		.cfi_startproc
  50              		@ Volatile: function does not return.
  51              		@ args = 0, pretend = 0, frame = 0
  52              		@ frame_needed = 0, uses_anonymous_args = 0
  53              		@ link register save eliminated.
  54              	.L3:
  85:Core/Src/stm32f7xx_it.c ****   /* USER CODE BEGIN HardFault_IRQn 0 */
  86:Core/Src/stm32f7xx_it.c **** 
  87:Core/Src/stm32f7xx_it.c ****   /* USER CODE END HardFault_IRQn 0 */
  88:Core/Src/stm32f7xx_it.c ****   while (1)
  55              		.loc 1 88 3 discriminator 1 view .LVU3
  89:Core/Src/stm32f7xx_it.c ****   {
  90:Core/Src/stm32f7xx_it.c ****     /* USER CODE BEGIN W1_HardFault_IRQn 0 */
  91:Core/Src/stm32f7xx_it.c ****     /* USER CODE END W1_HardFault_IRQn 0 */
  92:Core/Src/stm32f7xx_it.c ****   }
  56              		.loc 1 92 3 discriminator 1 view .LVU4
  57 0000 FEE7     		b	.L3
  58              		.cfi_endproc
  59              	.LFE142:
  61              		.section	.text.MemManage_Handler,"ax",%progbits
  62              		.align	1
  63              		.global	MemManage_Handler
  64              		.syntax unified
  65              		.thumb
  66              		.thumb_func
  67              		.fpu fpv5-d16
  69              	MemManage_Handler:
  70              	.LFB143:
  93:Core/Src/stm32f7xx_it.c **** }
  94:Core/Src/stm32f7xx_it.c **** 
  95:Core/Src/stm32f7xx_it.c **** /**
  96:Core/Src/stm32f7xx_it.c ****   * @brief This function handles Memory management fault.
  97:Core/Src/stm32f7xx_it.c ****   */
  98:Core/Src/stm32f7xx_it.c **** void MemManage_Handler(void)
  99:Core/Src/stm32f7xx_it.c **** {
  71              		.loc 1 99 1 view -0
  72              		.cfi_startproc
  73              		@ Volatile: function does not return.
  74              		@ args = 0, pretend = 0, frame = 0
  75              		@ frame_needed = 0, uses_anonymous_args = 0
  76              		@ link register save eliminated.
  77              	.L5:
ARM GAS  /var/folders/gy/djtlh36967g6qz60tx0ltrsw0000gn/T//ccTp1OiY.s 			page 4


 100:Core/Src/stm32f7xx_it.c ****   /* USER CODE BEGIN MemoryManagement_IRQn 0 */
 101:Core/Src/stm32f7xx_it.c **** 
 102:Core/Src/stm32f7xx_it.c ****   /* USER CODE END MemoryManagement_IRQn 0 */
 103:Core/Src/stm32f7xx_it.c ****   while (1)
  78              		.loc 1 103 3 discriminator 1 view .LVU6
 104:Core/Src/stm32f7xx_it.c ****   {
 105:Core/Src/stm32f7xx_it.c ****     /* USER CODE BEGIN W1_MemoryManagement_IRQn 0 */
 106:Core/Src/stm32f7xx_it.c ****     /* USER CODE END W1_MemoryManagement_IRQn 0 */
 107:Core/Src/stm32f7xx_it.c ****   }
  79              		.loc 1 107 3 discriminator 1 view .LVU7
  80 0000 FEE7     		b	.L5
  81              		.cfi_endproc
  82              	.LFE143:
  84              		.section	.text.BusFault_Handler,"ax",%progbits
  85              		.align	1
  86              		.global	BusFault_Handler
  87              		.syntax unified
  88              		.thumb
  89              		.thumb_func
  90              		.fpu fpv5-d16
  92              	BusFault_Handler:
  93              	.LFB144:
 108:Core/Src/stm32f7xx_it.c **** }
 109:Core/Src/stm32f7xx_it.c **** 
 110:Core/Src/stm32f7xx_it.c **** /**
 111:Core/Src/stm32f7xx_it.c ****   * @brief This function handles Pre-fetch fault, memory access fault.
 112:Core/Src/stm32f7xx_it.c ****   */
 113:Core/Src/stm32f7xx_it.c **** void BusFault_Handler(void)
 114:Core/Src/stm32f7xx_it.c **** {
  94              		.loc 1 114 1 view -0
  95              		.cfi_startproc
  96              		@ Volatile: function does not return.
  97              		@ args = 0, pretend = 0, frame = 0
  98              		@ frame_needed = 0, uses_anonymous_args = 0
  99              		@ link register save eliminated.
 100              	.L7:
 115:Core/Src/stm32f7xx_it.c ****   /* USER CODE BEGIN BusFault_IRQn 0 */
 116:Core/Src/stm32f7xx_it.c **** 
 117:Core/Src/stm32f7xx_it.c ****   /* USER CODE END BusFault_IRQn 0 */
 118:Core/Src/stm32f7xx_it.c ****   while (1)
 101              		.loc 1 118 3 discriminator 1 view .LVU9
 119:Core/Src/stm32f7xx_it.c ****   {
 120:Core/Src/stm32f7xx_it.c ****     /* USER CODE BEGIN W1_BusFault_IRQn 0 */
 121:Core/Src/stm32f7xx_it.c ****     /* USER CODE END W1_BusFault_IRQn 0 */
 122:Core/Src/stm32f7xx_it.c ****   }
 102              		.loc 1 122 3 discriminator 1 view .LVU10
 103 0000 FEE7     		b	.L7
 104              		.cfi_endproc
 105              	.LFE144:
 107              		.section	.text.UsageFault_Handler,"ax",%progbits
 108              		.align	1
 109              		.global	UsageFault_Handler
 110              		.syntax unified
 111              		.thumb
 112              		.thumb_func
 113              		.fpu fpv5-d16
 115              	UsageFault_Handler:
ARM GAS  /var/folders/gy/djtlh36967g6qz60tx0ltrsw0000gn/T//ccTp1OiY.s 			page 5


 116              	.LFB145:
 123:Core/Src/stm32f7xx_it.c **** }
 124:Core/Src/stm32f7xx_it.c **** 
 125:Core/Src/stm32f7xx_it.c **** /**
 126:Core/Src/stm32f7xx_it.c ****   * @brief This function handles Undefined instruction or illegal state.
 127:Core/Src/stm32f7xx_it.c ****   */
 128:Core/Src/stm32f7xx_it.c **** void UsageFault_Handler(void)
 129:Core/Src/stm32f7xx_it.c **** {
 117              		.loc 1 129 1 view -0
 118              		.cfi_startproc
 119              		@ Volatile: function does not return.
 120              		@ args = 0, pretend = 0, frame = 0
 121              		@ frame_needed = 0, uses_anonymous_args = 0
 122              		@ link register save eliminated.
 123              	.L9:
 130:Core/Src/stm32f7xx_it.c ****   /* USER CODE BEGIN UsageFault_IRQn 0 */
 131:Core/Src/stm32f7xx_it.c **** 
 132:Core/Src/stm32f7xx_it.c ****   /* USER CODE END UsageFault_IRQn 0 */
 133:Core/Src/stm32f7xx_it.c ****   while (1)
 124              		.loc 1 133 3 discriminator 1 view .LVU12
 134:Core/Src/stm32f7xx_it.c ****   {
 135:Core/Src/stm32f7xx_it.c ****     /* USER CODE BEGIN W1_UsageFault_IRQn 0 */
 136:Core/Src/stm32f7xx_it.c ****     /* USER CODE END W1_UsageFault_IRQn 0 */
 137:Core/Src/stm32f7xx_it.c ****   }
 125              		.loc 1 137 3 discriminator 1 view .LVU13
 126 0000 FEE7     		b	.L9
 127              		.cfi_endproc
 128              	.LFE145:
 130              		.section	.text.SVC_Handler,"ax",%progbits
 131              		.align	1
 132              		.global	SVC_Handler
 133              		.syntax unified
 134              		.thumb
 135              		.thumb_func
 136              		.fpu fpv5-d16
 138              	SVC_Handler:
 139              	.LFB146:
 138:Core/Src/stm32f7xx_it.c **** }
 139:Core/Src/stm32f7xx_it.c **** 
 140:Core/Src/stm32f7xx_it.c **** /**
 141:Core/Src/stm32f7xx_it.c ****   * @brief This function handles System service call via SWI instruction.
 142:Core/Src/stm32f7xx_it.c ****   */
 143:Core/Src/stm32f7xx_it.c **** void SVC_Handler(void)
 144:Core/Src/stm32f7xx_it.c **** {
 140              		.loc 1 144 1 view -0
 141              		.cfi_startproc
 142              		@ args = 0, pretend = 0, frame = 0
 143              		@ frame_needed = 0, uses_anonymous_args = 0
 144              		@ link register save eliminated.
 145:Core/Src/stm32f7xx_it.c ****   /* USER CODE BEGIN SVCall_IRQn 0 */
 146:Core/Src/stm32f7xx_it.c **** 
 147:Core/Src/stm32f7xx_it.c ****   /* USER CODE END SVCall_IRQn 0 */
 148:Core/Src/stm32f7xx_it.c ****   /* USER CODE BEGIN SVCall_IRQn 1 */
 149:Core/Src/stm32f7xx_it.c **** 
 150:Core/Src/stm32f7xx_it.c ****   /* USER CODE END SVCall_IRQn 1 */
 151:Core/Src/stm32f7xx_it.c **** }
 145              		.loc 1 151 1 view .LVU15
ARM GAS  /var/folders/gy/djtlh36967g6qz60tx0ltrsw0000gn/T//ccTp1OiY.s 			page 6


 146 0000 7047     		bx	lr
 147              		.cfi_endproc
 148              	.LFE146:
 150              		.section	.text.DebugMon_Handler,"ax",%progbits
 151              		.align	1
 152              		.global	DebugMon_Handler
 153              		.syntax unified
 154              		.thumb
 155              		.thumb_func
 156              		.fpu fpv5-d16
 158              	DebugMon_Handler:
 159              	.LFB147:
 152:Core/Src/stm32f7xx_it.c **** 
 153:Core/Src/stm32f7xx_it.c **** /**
 154:Core/Src/stm32f7xx_it.c ****   * @brief This function handles Debug monitor.
 155:Core/Src/stm32f7xx_it.c ****   */
 156:Core/Src/stm32f7xx_it.c **** void DebugMon_Handler(void)
 157:Core/Src/stm32f7xx_it.c **** {
 160              		.loc 1 157 1 view -0
 161              		.cfi_startproc
 162              		@ args = 0, pretend = 0, frame = 0
 163              		@ frame_needed = 0, uses_anonymous_args = 0
 164              		@ link register save eliminated.
 158:Core/Src/stm32f7xx_it.c ****   /* USER CODE BEGIN DebugMonitor_IRQn 0 */
 159:Core/Src/stm32f7xx_it.c **** 
 160:Core/Src/stm32f7xx_it.c ****   /* USER CODE END DebugMonitor_IRQn 0 */
 161:Core/Src/stm32f7xx_it.c ****   /* USER CODE BEGIN DebugMonitor_IRQn 1 */
 162:Core/Src/stm32f7xx_it.c **** 
 163:Core/Src/stm32f7xx_it.c ****   /* USER CODE END DebugMonitor_IRQn 1 */
 164:Core/Src/stm32f7xx_it.c **** }
 165              		.loc 1 164 1 view .LVU17
 166 0000 7047     		bx	lr
 167              		.cfi_endproc
 168              	.LFE147:
 170              		.section	.text.PendSV_Handler,"ax",%progbits
 171              		.align	1
 172              		.global	PendSV_Handler
 173              		.syntax unified
 174              		.thumb
 175              		.thumb_func
 176              		.fpu fpv5-d16
 178              	PendSV_Handler:
 179              	.LFB148:
 165:Core/Src/stm32f7xx_it.c **** 
 166:Core/Src/stm32f7xx_it.c **** /**
 167:Core/Src/stm32f7xx_it.c ****   * @brief This function handles Pendable request for system service.
 168:Core/Src/stm32f7xx_it.c ****   */
 169:Core/Src/stm32f7xx_it.c **** void PendSV_Handler(void)
 170:Core/Src/stm32f7xx_it.c **** {
 180              		.loc 1 170 1 view -0
 181              		.cfi_startproc
 182              		@ args = 0, pretend = 0, frame = 0
 183              		@ frame_needed = 0, uses_anonymous_args = 0
 184              		@ link register save eliminated.
 171:Core/Src/stm32f7xx_it.c ****   /* USER CODE BEGIN PendSV_IRQn 0 */
 172:Core/Src/stm32f7xx_it.c **** 
 173:Core/Src/stm32f7xx_it.c ****   /* USER CODE END PendSV_IRQn 0 */
ARM GAS  /var/folders/gy/djtlh36967g6qz60tx0ltrsw0000gn/T//ccTp1OiY.s 			page 7


 174:Core/Src/stm32f7xx_it.c ****   /* USER CODE BEGIN PendSV_IRQn 1 */
 175:Core/Src/stm32f7xx_it.c **** 
 176:Core/Src/stm32f7xx_it.c ****   /* USER CODE END PendSV_IRQn 1 */
 177:Core/Src/stm32f7xx_it.c **** }
 185              		.loc 1 177 1 view .LVU19
 186 0000 7047     		bx	lr
 187              		.cfi_endproc
 188              	.LFE148:
 190              		.section	.text.SysTick_Handler,"ax",%progbits
 191              		.align	1
 192              		.global	SysTick_Handler
 193              		.syntax unified
 194              		.thumb
 195              		.thumb_func
 196              		.fpu fpv5-d16
 198              	SysTick_Handler:
 199              	.LFB149:
 178:Core/Src/stm32f7xx_it.c **** 
 179:Core/Src/stm32f7xx_it.c **** /**
 180:Core/Src/stm32f7xx_it.c ****   * @brief This function handles System tick timer.
 181:Core/Src/stm32f7xx_it.c ****   */
 182:Core/Src/stm32f7xx_it.c **** void SysTick_Handler(void)
 183:Core/Src/stm32f7xx_it.c **** {
 200              		.loc 1 183 1 view -0
 201              		.cfi_startproc
 202              		@ args = 0, pretend = 0, frame = 0
 203              		@ frame_needed = 0, uses_anonymous_args = 0
 204 0000 08B5     		push	{r3, lr}
 205              	.LCFI0:
 206              		.cfi_def_cfa_offset 8
 207              		.cfi_offset 3, -8
 208              		.cfi_offset 14, -4
 184:Core/Src/stm32f7xx_it.c ****   /* USER CODE BEGIN SysTick_IRQn 0 */
 185:Core/Src/stm32f7xx_it.c **** 
 186:Core/Src/stm32f7xx_it.c ****   /* USER CODE END SysTick_IRQn 0 */
 187:Core/Src/stm32f7xx_it.c ****   HAL_IncTick();
 209              		.loc 1 187 3 view .LVU21
 210 0002 FFF7FEFF 		bl	HAL_IncTick
 211              	.LVL0:
 188:Core/Src/stm32f7xx_it.c ****   /* USER CODE BEGIN SysTick_IRQn 1 */
 189:Core/Src/stm32f7xx_it.c **** 
 190:Core/Src/stm32f7xx_it.c ****   /* USER CODE END SysTick_IRQn 1 */
 191:Core/Src/stm32f7xx_it.c **** }
 212              		.loc 1 191 1 is_stmt 0 view .LVU22
 213 0006 08BD     		pop	{r3, pc}
 214              		.cfi_endproc
 215              	.LFE149:
 217              		.text
 218              	.Letext0:
 219              		.file 2 "/usr/local/Cellar/arm-none-eabi-gcc/8-2018-q4-major/gcc/arm-none-eabi/include/machine/_de
 220              		.file 3 "/usr/local/Cellar/arm-none-eabi-gcc/8-2018-q4-major/gcc/arm-none-eabi/include/sys/_stdint
 221              		.file 4 "/Users/jeannine.shiu/STM32Cube/Repository/STM32Cube_FW_F7_V1.15.0/Drivers/CMSIS/Include/c
 222              		.file 5 "/Users/jeannine.shiu/STM32Cube/Repository/STM32Cube_FW_F7_V1.15.0/Drivers/CMSIS/Device/ST
 223              		.file 6 "/Users/jeannine.shiu/STM32Cube/Repository/STM32Cube_FW_F7_V1.15.0/Drivers/STM32F7xx_HAL_D
ARM GAS  /var/folders/gy/djtlh36967g6qz60tx0ltrsw0000gn/T//ccTp1OiY.s 			page 8


DEFINED SYMBOLS
                            *ABS*:0000000000000000 stm32f7xx_it.c
/var/folders/gy/djtlh36967g6qz60tx0ltrsw0000gn/T//ccTp1OiY.s:17     .text.NMI_Handler:0000000000000000 $t
/var/folders/gy/djtlh36967g6qz60tx0ltrsw0000gn/T//ccTp1OiY.s:25     .text.NMI_Handler:0000000000000000 NMI_Handler
/var/folders/gy/djtlh36967g6qz60tx0ltrsw0000gn/T//ccTp1OiY.s:39     .text.HardFault_Handler:0000000000000000 $t
/var/folders/gy/djtlh36967g6qz60tx0ltrsw0000gn/T//ccTp1OiY.s:46     .text.HardFault_Handler:0000000000000000 HardFault_Handler
/var/folders/gy/djtlh36967g6qz60tx0ltrsw0000gn/T//ccTp1OiY.s:62     .text.MemManage_Handler:0000000000000000 $t
/var/folders/gy/djtlh36967g6qz60tx0ltrsw0000gn/T//ccTp1OiY.s:69     .text.MemManage_Handler:0000000000000000 MemManage_Handler
/var/folders/gy/djtlh36967g6qz60tx0ltrsw0000gn/T//ccTp1OiY.s:85     .text.BusFault_Handler:0000000000000000 $t
/var/folders/gy/djtlh36967g6qz60tx0ltrsw0000gn/T//ccTp1OiY.s:92     .text.BusFault_Handler:0000000000000000 BusFault_Handler
/var/folders/gy/djtlh36967g6qz60tx0ltrsw0000gn/T//ccTp1OiY.s:108    .text.UsageFault_Handler:0000000000000000 $t
/var/folders/gy/djtlh36967g6qz60tx0ltrsw0000gn/T//ccTp1OiY.s:115    .text.UsageFault_Handler:0000000000000000 UsageFault_Handler
/var/folders/gy/djtlh36967g6qz60tx0ltrsw0000gn/T//ccTp1OiY.s:131    .text.SVC_Handler:0000000000000000 $t
/var/folders/gy/djtlh36967g6qz60tx0ltrsw0000gn/T//ccTp1OiY.s:138    .text.SVC_Handler:0000000000000000 SVC_Handler
/var/folders/gy/djtlh36967g6qz60tx0ltrsw0000gn/T//ccTp1OiY.s:151    .text.DebugMon_Handler:0000000000000000 $t
/var/folders/gy/djtlh36967g6qz60tx0ltrsw0000gn/T//ccTp1OiY.s:158    .text.DebugMon_Handler:0000000000000000 DebugMon_Handler
/var/folders/gy/djtlh36967g6qz60tx0ltrsw0000gn/T//ccTp1OiY.s:171    .text.PendSV_Handler:0000000000000000 $t
/var/folders/gy/djtlh36967g6qz60tx0ltrsw0000gn/T//ccTp1OiY.s:178    .text.PendSV_Handler:0000000000000000 PendSV_Handler
/var/folders/gy/djtlh36967g6qz60tx0ltrsw0000gn/T//ccTp1OiY.s:191    .text.SysTick_Handler:0000000000000000 $t
/var/folders/gy/djtlh36967g6qz60tx0ltrsw0000gn/T//ccTp1OiY.s:198    .text.SysTick_Handler:0000000000000000 SysTick_Handler

UNDEFINED SYMBOLS
HAL_IncTick
