ARM GAS  /var/folders/gy/djtlh36967g6qz60tx0ltrsw0000gn/T//ccvFS611.s 			page 1


   1              		.cpu cortex-m7
   2              		.eabi_attribute 28, 1
   3              		.eabi_attribute 20, 1
   4              		.eabi_attribute 21, 1
   5              		.eabi_attribute 23, 3
   6              		.eabi_attribute 24, 1
   7              		.eabi_attribute 25, 1
   8              		.eabi_attribute 26, 1
   9              		.eabi_attribute 30, 1
  10              		.eabi_attribute 34, 1
  11              		.eabi_attribute 18, 4
  12              		.file	"stm32f7xx_hal_msp.c"
  13              		.text
  14              	.Ltext0:
  15              		.cfi_sections	.debug_frame
  16              		.section	.text.HAL_MspInit,"ax",%progbits
  17              		.align	1
  18              		.global	HAL_MspInit
  19              		.arch armv7e-m
  20              		.syntax unified
  21              		.thumb
  22              		.thumb_func
  23              		.fpu fpv5-d16
  25              	HAL_MspInit:
  26              	.LFB141:
  27              		.file 1 "Core/Src/stm32f7xx_hal_msp.c"
   1:Core/Src/stm32f7xx_hal_msp.c **** /* USER CODE BEGIN Header */
   2:Core/Src/stm32f7xx_hal_msp.c **** /**
   3:Core/Src/stm32f7xx_hal_msp.c ****   ******************************************************************************
   4:Core/Src/stm32f7xx_hal_msp.c ****   * File Name          : stm32f7xx_hal_msp.c
   5:Core/Src/stm32f7xx_hal_msp.c ****   * Description        : This file provides code for the MSP Initialization 
   6:Core/Src/stm32f7xx_hal_msp.c ****   *                      and de-Initialization codes.
   7:Core/Src/stm32f7xx_hal_msp.c ****   ******************************************************************************
   8:Core/Src/stm32f7xx_hal_msp.c ****   * @attention
   9:Core/Src/stm32f7xx_hal_msp.c ****   *
  10:Core/Src/stm32f7xx_hal_msp.c ****   * <h2><center>&copy; Copyright (c) 2019 STMicroelectronics.
  11:Core/Src/stm32f7xx_hal_msp.c ****   * All rights reserved.</center></h2>
  12:Core/Src/stm32f7xx_hal_msp.c ****   *
  13:Core/Src/stm32f7xx_hal_msp.c ****   * This software component is licensed by ST under BSD 3-Clause license,
  14:Core/Src/stm32f7xx_hal_msp.c ****   * the "License"; You may not use this file except in compliance with the
  15:Core/Src/stm32f7xx_hal_msp.c ****   * License. You may obtain a copy of the License at:
  16:Core/Src/stm32f7xx_hal_msp.c ****   *                        opensource.org/licenses/BSD-3-Clause
  17:Core/Src/stm32f7xx_hal_msp.c ****   *
  18:Core/Src/stm32f7xx_hal_msp.c ****   ******************************************************************************
  19:Core/Src/stm32f7xx_hal_msp.c ****   */
  20:Core/Src/stm32f7xx_hal_msp.c **** /* USER CODE END Header */
  21:Core/Src/stm32f7xx_hal_msp.c **** 
  22:Core/Src/stm32f7xx_hal_msp.c **** /* Includes ------------------------------------------------------------------*/
  23:Core/Src/stm32f7xx_hal_msp.c **** #include "main.h"
  24:Core/Src/stm32f7xx_hal_msp.c **** /* USER CODE BEGIN Includes */
  25:Core/Src/stm32f7xx_hal_msp.c **** 
  26:Core/Src/stm32f7xx_hal_msp.c **** /* USER CODE END Includes */
  27:Core/Src/stm32f7xx_hal_msp.c **** 
  28:Core/Src/stm32f7xx_hal_msp.c **** /* Private typedef -----------------------------------------------------------*/
  29:Core/Src/stm32f7xx_hal_msp.c **** /* USER CODE BEGIN TD */
  30:Core/Src/stm32f7xx_hal_msp.c **** 
  31:Core/Src/stm32f7xx_hal_msp.c **** /* USER CODE END TD */
ARM GAS  /var/folders/gy/djtlh36967g6qz60tx0ltrsw0000gn/T//ccvFS611.s 			page 2


  32:Core/Src/stm32f7xx_hal_msp.c **** 
  33:Core/Src/stm32f7xx_hal_msp.c **** /* Private define ------------------------------------------------------------*/
  34:Core/Src/stm32f7xx_hal_msp.c **** /* USER CODE BEGIN Define */
  35:Core/Src/stm32f7xx_hal_msp.c ****  
  36:Core/Src/stm32f7xx_hal_msp.c **** /* USER CODE END Define */
  37:Core/Src/stm32f7xx_hal_msp.c **** 
  38:Core/Src/stm32f7xx_hal_msp.c **** /* Private macro -------------------------------------------------------------*/
  39:Core/Src/stm32f7xx_hal_msp.c **** /* USER CODE BEGIN Macro */
  40:Core/Src/stm32f7xx_hal_msp.c **** 
  41:Core/Src/stm32f7xx_hal_msp.c **** /* USER CODE END Macro */
  42:Core/Src/stm32f7xx_hal_msp.c **** 
  43:Core/Src/stm32f7xx_hal_msp.c **** /* Private variables ---------------------------------------------------------*/
  44:Core/Src/stm32f7xx_hal_msp.c **** /* USER CODE BEGIN PV */
  45:Core/Src/stm32f7xx_hal_msp.c **** 
  46:Core/Src/stm32f7xx_hal_msp.c **** /* USER CODE END PV */
  47:Core/Src/stm32f7xx_hal_msp.c **** 
  48:Core/Src/stm32f7xx_hal_msp.c **** /* Private function prototypes -----------------------------------------------*/
  49:Core/Src/stm32f7xx_hal_msp.c **** /* USER CODE BEGIN PFP */
  50:Core/Src/stm32f7xx_hal_msp.c **** 
  51:Core/Src/stm32f7xx_hal_msp.c **** /* USER CODE END PFP */
  52:Core/Src/stm32f7xx_hal_msp.c **** 
  53:Core/Src/stm32f7xx_hal_msp.c **** /* External functions --------------------------------------------------------*/
  54:Core/Src/stm32f7xx_hal_msp.c **** /* USER CODE BEGIN ExternalFunctions */
  55:Core/Src/stm32f7xx_hal_msp.c **** 
  56:Core/Src/stm32f7xx_hal_msp.c **** /* USER CODE END ExternalFunctions */
  57:Core/Src/stm32f7xx_hal_msp.c **** 
  58:Core/Src/stm32f7xx_hal_msp.c **** /* USER CODE BEGIN 0 */
  59:Core/Src/stm32f7xx_hal_msp.c **** 
  60:Core/Src/stm32f7xx_hal_msp.c **** /* USER CODE END 0 */
  61:Core/Src/stm32f7xx_hal_msp.c **** /**
  62:Core/Src/stm32f7xx_hal_msp.c ****   * Initializes the Global MSP.
  63:Core/Src/stm32f7xx_hal_msp.c ****   */
  64:Core/Src/stm32f7xx_hal_msp.c **** void HAL_MspInit(void)
  65:Core/Src/stm32f7xx_hal_msp.c **** {
  28              		.loc 1 65 1 view -0
  29              		.cfi_startproc
  30              		@ args = 0, pretend = 0, frame = 8
  31              		@ frame_needed = 0, uses_anonymous_args = 0
  32              		@ link register save eliminated.
  33 0000 82B0     		sub	sp, sp, #8
  34              	.LCFI0:
  35              		.cfi_def_cfa_offset 8
  66:Core/Src/stm32f7xx_hal_msp.c ****   /* USER CODE BEGIN MspInit 0 */
  67:Core/Src/stm32f7xx_hal_msp.c **** 
  68:Core/Src/stm32f7xx_hal_msp.c ****   /* USER CODE END MspInit 0 */
  69:Core/Src/stm32f7xx_hal_msp.c **** 
  70:Core/Src/stm32f7xx_hal_msp.c ****   __HAL_RCC_PWR_CLK_ENABLE();
  36              		.loc 1 70 3 view .LVU1
  37              	.LBB2:
  38              		.loc 1 70 3 view .LVU2
  39              		.loc 1 70 3 view .LVU3
  40 0002 0A4B     		ldr	r3, .L3
  41 0004 1A6C     		ldr	r2, [r3, #64]
  42 0006 42F08052 		orr	r2, r2, #268435456
  43 000a 1A64     		str	r2, [r3, #64]
  44              		.loc 1 70 3 view .LVU4
  45 000c 1A6C     		ldr	r2, [r3, #64]
ARM GAS  /var/folders/gy/djtlh36967g6qz60tx0ltrsw0000gn/T//ccvFS611.s 			page 3


  46 000e 02F08052 		and	r2, r2, #268435456
  47 0012 0092     		str	r2, [sp]
  48              		.loc 1 70 3 view .LVU5
  49 0014 009A     		ldr	r2, [sp]
  50              	.LBE2:
  71:Core/Src/stm32f7xx_hal_msp.c ****   __HAL_RCC_SYSCFG_CLK_ENABLE();
  51              		.loc 1 71 3 view .LVU6
  52              	.LBB3:
  53              		.loc 1 71 3 view .LVU7
  54              		.loc 1 71 3 view .LVU8
  55 0016 5A6C     		ldr	r2, [r3, #68]
  56 0018 42F48042 		orr	r2, r2, #16384
  57 001c 5A64     		str	r2, [r3, #68]
  58              		.loc 1 71 3 view .LVU9
  59 001e 5B6C     		ldr	r3, [r3, #68]
  60 0020 03F48043 		and	r3, r3, #16384
  61 0024 0193     		str	r3, [sp, #4]
  62              		.loc 1 71 3 view .LVU10
  63 0026 019B     		ldr	r3, [sp, #4]
  64              	.LBE3:
  72:Core/Src/stm32f7xx_hal_msp.c **** 
  73:Core/Src/stm32f7xx_hal_msp.c ****   /* System interrupt init*/
  74:Core/Src/stm32f7xx_hal_msp.c **** 
  75:Core/Src/stm32f7xx_hal_msp.c ****   /* USER CODE BEGIN MspInit 1 */
  76:Core/Src/stm32f7xx_hal_msp.c **** 
  77:Core/Src/stm32f7xx_hal_msp.c ****   /* USER CODE END MspInit 1 */
  78:Core/Src/stm32f7xx_hal_msp.c **** }
  65              		.loc 1 78 1 is_stmt 0 view .LVU11
  66 0028 02B0     		add	sp, sp, #8
  67              	.LCFI1:
  68              		.cfi_def_cfa_offset 0
  69              		@ sp needed
  70 002a 7047     		bx	lr
  71              	.L4:
  72              		.align	2
  73              	.L3:
  74 002c 00380240 		.word	1073887232
  75              		.cfi_endproc
  76              	.LFE141:
  78              		.text
  79              	.Letext0:
  80              		.file 2 "/usr/local/Cellar/arm-none-eabi-gcc/8-2018-q4-major/gcc/arm-none-eabi/include/machine/_de
  81              		.file 3 "/usr/local/Cellar/arm-none-eabi-gcc/8-2018-q4-major/gcc/arm-none-eabi/include/sys/_stdint
  82              		.file 4 "/Users/jeannine.shiu/STM32Cube/Repository/STM32Cube_FW_F7_V1.15.0/Drivers/CMSIS/Include/c
  83              		.file 5 "/Users/jeannine.shiu/STM32Cube/Repository/STM32Cube_FW_F7_V1.15.0/Drivers/CMSIS/Device/ST
  84              		.file 6 "/Users/jeannine.shiu/STM32Cube/Repository/STM32Cube_FW_F7_V1.15.0/Drivers/CMSIS/Device/ST
  85              		.file 7 "/Users/jeannine.shiu/STM32Cube/Repository/STM32Cube_FW_F7_V1.15.0/Drivers/STM32F7xx_HAL_D
ARM GAS  /var/folders/gy/djtlh36967g6qz60tx0ltrsw0000gn/T//ccvFS611.s 			page 4


DEFINED SYMBOLS
                            *ABS*:0000000000000000 stm32f7xx_hal_msp.c
/var/folders/gy/djtlh36967g6qz60tx0ltrsw0000gn/T//ccvFS611.s:17     .text.HAL_MspInit:0000000000000000 $t
/var/folders/gy/djtlh36967g6qz60tx0ltrsw0000gn/T//ccvFS611.s:25     .text.HAL_MspInit:0000000000000000 HAL_MspInit
/var/folders/gy/djtlh36967g6qz60tx0ltrsw0000gn/T//ccvFS611.s:74     .text.HAL_MspInit:000000000000002c $d

NO UNDEFINED SYMBOLS
