ARM GAS  /var/folders/gy/djtlh36967g6qz60tx0ltrsw0000gn/T//ccUh54aW.s 			page 1


   1              		.cpu cortex-m7
   2              		.eabi_attribute 28, 1
   3              		.eabi_attribute 20, 1
   4              		.eabi_attribute 21, 1
   5              		.eabi_attribute 23, 3
   6              		.eabi_attribute 24, 1
   7              		.eabi_attribute 25, 1
   8              		.eabi_attribute 26, 1
   9              		.eabi_attribute 30, 1
  10              		.eabi_attribute 34, 1
  11              		.eabi_attribute 18, 4
  12              		.file	"stm32f7xx_hal_tim_ex.c"
  13              		.text
  14              	.Ltext0:
  15              		.cfi_sections	.debug_frame
  16              	.Letext0:
  17              		.file 1 "/usr/local/Cellar/arm-none-eabi-gcc/8-2018-q4-major/gcc/arm-none-eabi/include/machine/_de
  18              		.file 2 "/usr/local/Cellar/arm-none-eabi-gcc/8-2018-q4-major/gcc/arm-none-eabi/include/sys/_stdint
  19              		.file 3 "/Users/jeannine.shiu/STM32Cube/Repository/STM32Cube_FW_F7_V1.15.0/Drivers/CMSIS/Include/c
  20              		.file 4 "/Users/jeannine.shiu/STM32Cube/Repository/STM32Cube_FW_F7_V1.15.0/Drivers/CMSIS/Device/ST
  21              		.file 5 "/Users/jeannine.shiu/STM32Cube/Repository/STM32Cube_FW_F7_V1.15.0/Drivers/STM32F7xx_HAL_D
ARM GAS  /var/folders/gy/djtlh36967g6qz60tx0ltrsw0000gn/T//ccUh54aW.s 			page 2


DEFINED SYMBOLS
                            *ABS*:0000000000000000 stm32f7xx_hal_tim_ex.c

NO UNDEFINED SYMBOLS
